Using pre-set license
Built from '2021.3/staging' branch; Version is '2021.3.30f1 (b4360d7cdac4) revision 11810317'; Using compiler version '192829333'; Build Type 'Release'
OS: 'Windows 10  (10.0.19045) 64bit Professional' Language: 'ru' Physical Memory: 16315 MB
BatchMode: 1, IsHumanControllingUs: 0, StartBugReporterOnCrash: 0, Is64bit: 1, IsPro: 1

COMMAND LINE ARGUMENTS:
H:\Unity\2021.3.30f1\Editor\Unity.exe
-adb2
-batchMode
-noUpm
-name
AssetImportWorker2
-projectPath
H:/Unity/My project
-logFile
Logs/AssetImportWorker2.log
-srvPort
51442
Successfully changed project path to: H:/Unity/My project
H:/Unity/My project
[UnityMemory] Configuration Parameters - Can be set up in boot.config
    "memorysetup-bucket-allocator-granularity=16"
    "memorysetup-bucket-allocator-bucket-count=8"
    "memorysetup-bucket-allocator-block-size=33554432"
    "memorysetup-bucket-allocator-block-count=8"
    "memorysetup-main-allocator-block-size=16777216"
    "memorysetup-thread-allocator-block-size=16777216"
    "memorysetup-gfx-main-allocator-block-size=16777216"
    "memorysetup-gfx-thread-allocator-block-size=16777216"
    "memorysetup-cache-allocator-block-size=4194304"
    "memorysetup-typetree-allocator-block-size=2097152"
    "memorysetup-profiler-bucket-allocator-granularity=16"
    "memorysetup-profiler-bucket-allocator-bucket-count=8"
    "memorysetup-profiler-bucket-allocator-block-size=33554432"
    "memorysetup-profiler-bucket-allocator-block-count=8"
    "memorysetup-profiler-allocator-block-size=16777216"
    "memorysetup-profiler-editor-allocator-block-size=1048576"
    "memorysetup-temp-allocator-size-main=16777216"
    "memorysetup-job-temp-allocator-block-size=2097152"
    "memorysetup-job-temp-allocator-block-size-background=1048576"
    "memorysetup-job-temp-allocator-reduction-small-platforms=262144"
    "memorysetup-temp-allocator-size-background-worker=32768"
    "memorysetup-temp-allocator-size-job-worker=262144"
    "memorysetup-temp-allocator-size-preload-manager=33554432"
    "memorysetup-temp-allocator-size-nav-mesh-worker=65536"
    "memorysetup-temp-allocator-size-audio-worker=65536"
    "memorysetup-temp-allocator-size-cloud-worker=32768"
    "memorysetup-temp-allocator-size-gi-baking-worker=262144"
    "memorysetup-temp-allocator-size-gfx=262144"
Player connection [6828] Host "[IP] 192.168.0.131 [Port] 0 [Flags] 2 [Guid] 3342726388 [EditorId] 3342726388 [Version] 1048832 [Id] WindowsEditor(7,DESKTOP-Q1P8R86) [Debug] 1 [PackageName] WindowsEditor [ProjectName] Editor" joined multi-casting on [225.0.0.222:54997]...

Player connection [6828] Host "[IP] 192.168.0.131 [Port] 0 [Flags] 2 [Guid] 3342726388 [EditorId] 3342726388 [Version] 1048832 [Id] WindowsEditor(7,DESKTOP-Q1P8R86) [Debug] 1 [PackageName] WindowsEditor [ProjectName] Editor" joined alternative multi-casting on [225.0.0.222:34997]...

[Physics::Module] Initialized MultithreadedJobDispatcher with {0} workers.
Refreshing native plugins compatible for Editor in 68.06 ms, found 3 plugins.
Preloading 0 native plugins for Editor in 0.00 ms.
Initialize engine version: 2021.3.30f1 (b4360d7cdac4)
[Subsystems] Discovering subsystems at path H:/Unity/2021.3.30f1/Editor/Data/Resources/UnitySubsystems
[Subsystems] Discovering subsystems at path H:/Unity/My project/Assets
GfxDevice: creating device client; threaded=0; jobified=0
Direct3D:
    Version:  Direct3D 11.0 [level 11.1]
    Renderer: NVIDIA GeForce GT 1030 (ID=0x1d01)
    Vendor:   NVIDIA
    VRAM:     1981 MB
    Driver:   31.0.15.3623
Initialize mono
Mono path[0] = 'H:/Unity/2021.3.30f1/Editor/Data/Managed'
Mono path[1] = 'H:/Unity/2021.3.30f1/Editor/Data/MonoBleedingEdge/lib/mono/unityjit-win32'
Mono config path = 'H:/Unity/2021.3.30f1/Editor/Data/MonoBleedingEdge/etc'
Using monoOptions --debugger-agent=transport=dt_socket,embedding=1,server=y,suspend=n,address=127.0.0.1:56872
Begin MonoManager ReloadAssembly
Registering precompiled unity dll's ...
Register platform support module: H:/Unity/2021.3.30f1/Editor/Data/PlaybackEngines/WindowsStandaloneSupport/UnityEditor.WindowsStandalone.Extensions.dll
Registered in 0.002322 seconds.
Native extension for WindowsStandalone target not found
Refreshing native plugins compatible for Editor in 62.04 ms, found 3 plugins.
Preloading 0 native plugins for Editor in 0.00 ms.
Mono: successfully reloaded assembly
- Completed reload, in  0.516 seconds
Domain Reload Profiling:
	ReloadAssembly (517ms)
		BeginReloadAssembly (80ms)
			ExecutionOrderSort (0ms)
			DisableScriptedObjects (0ms)
			BackupInstance (0ms)
			ReleaseScriptingObjects (0ms)
			CreateAndSetChildDomain (1ms)
		EndReloadAssembly (359ms)
			LoadAssemblies (79ms)
			RebuildTransferFunctionScriptingTraits (0ms)
			SetupTypeCache (91ms)
			ReleaseScriptCaches (0ms)
			RebuildScriptCaches (24ms)
			SetupLoadedEditorAssemblies (212ms)
				LogAssemblyErrors (0ms)
				InitializePlatformSupportModulesInManaged (6ms)
				SetLoadedEditorAssemblies (0ms)
				RefreshPlugins (62ms)
				BeforeProcessingInitializeOnLoad (1ms)
				ProcessInitializeOnLoadAttributes (104ms)
				ProcessInitializeOnLoadMethodAttributes (39ms)
				AfterProcessingInitializeOnLoad (0ms)
				EditorAssembliesLoaded (0ms)
			ExecutionOrderSort2 (0ms)
			AwakeInstancesAfterBackupRestoration (0ms)
Platform modules already initialized, skipping
Registering precompiled user dll's ...
Registered in 0.002954 seconds.
Begin MonoManager ReloadAssembly
Native extension for WindowsStandalone target not found
Refreshing native plugins compatible for Editor in 0.58 ms, found 3 plugins.
Preloading 0 native plugins for Editor in 0.00 ms.
Package Manager log level set to [2]
[Package Manager] Server::EnsureServerProcessIsRunning -- launch failed, reason: Unity was launched with the -noUpm command-line argument
[Package Manager] Cannot connect to Unity Package Manager local server
Mono: successfully reloaded assembly
- Completed reload, in  1.208 seconds
Domain Reload Profiling:
	ReloadAssembly (1209ms)
		BeginReloadAssembly (111ms)
			ExecutionOrderSort (0ms)
			DisableScriptedObjects (5ms)
			BackupInstance (0ms)
			ReleaseScriptingObjects (0ms)
			CreateAndSetChildDomain (19ms)
		EndReloadAssembly (1011ms)
			LoadAssemblies (78ms)
			RebuildTransferFunctionScriptingTraits (0ms)
			SetupTypeCache (246ms)
			ReleaseScriptCaches (1ms)
			RebuildScriptCaches (42ms)
			SetupLoadedEditorAssemblies (637ms)
				LogAssemblyErrors (0ms)
				InitializePlatformSupportModulesInManaged (4ms)
				SetLoadedEditorAssemblies (0ms)
				RefreshPlugins (1ms)
				BeforeProcessingInitializeOnLoad (66ms)
				ProcessInitializeOnLoadAttributes (546ms)
				ProcessInitializeOnLoadMethodAttributes (17ms)
				AfterProcessingInitializeOnLoad (3ms)
				EditorAssembliesLoaded (0ms)
			ExecutionOrderSort2 (0ms)
			AwakeInstancesAfterBackupRestoration (6ms)
Platform modules already initialized, skipping
========================================================================
Worker process is ready to serve import requests
Launched and connected shader compiler UnityShaderCompiler.exe after 0.03 seconds
Refreshing native plugins compatible for Editor in 0.58 ms, found 3 plugins.
Preloading 0 native plugins for Editor in 0.00 ms.
Unloading 3054 Unused Serialized files (Serialized files now loaded: 0)
Unloading 22 unused Assets / (46.9 KB). Loaded Objects now: 3516.
Memory consumption went from 108.0 MB to 108.0 MB.
Total: 4.013200 ms (FindLiveObjects: 0.497500 ms CreateObjectMapping: 0.106200 ms MarkObjects: 3.186800 ms  DeleteObjects: 0.221000 ms)

AssetImportParameters requested are different than current active one (requested -> active):
  custom:video-decoder-ogg-theora: a1e56fd34408186e4bbccfd4996cb3dc -> 
  custom:container-muxer-webm: aa71ff27fc2769a1b78a27578f13a17b -> 
  custom:container-demuxer-webm: 4f35f7cbe854078d1ac9338744f61a02 -> 
  custom:video-encoder-webm-vp8: eb34c28f22e8b96e1ab97ce403110664 -> 
  custom:CustomObjectIndexerAttribute: bc11b3a6c3213fcdd17b65e7da85e133 -> 
  custom:audio-encoder-webm-vorbis: bf7c407c2cedff20999df2af8eb42d56 -> 
  custom:framework-win-MediaFoundation: 216162199b28c13a410421893ffa2e32 -> 
  custom:SearchIndexIgnoredProperties: e643bd26f0fe6173181afceb89e7c659 -> 
  custom:container-demuxer-ogg: 62fdf1f143b41e24485cea50d1cbac27 -> 
  custom:video-decoder-webm-vp8: 9c59270c3fd7afecdb556c50c9e8de78 -> 
  custom:audio-decoder-ogg-vorbis: bf7c407c2cedff20999df2af8eb42d56 -> 
========================================================================
Received Import Request.
  Time since last request: 222290.579200 seconds.
  path: Assets/PNG/grey_arrowUpGrey.png
  artifactKey: Guid(c445f8326b0aac847a353ed626a47d62) Importer(815301076,1909f56bfc062723c751e8b465ee728b)
Number of updated assets reloaded before import = 0
Start importing Assets/PNG/grey_arrowUpGrey.png using Guid(c445f8326b0aac847a353ed626a47d62) Importer(815301076,1909f56bfc062723c751e8b465ee728b)  -> (artifact id: '0be06acc58f78456f9be15daffddd1d0') in 0.105756 seconds 
Number of asset objects unloaded after import = 2
========================================================================
Received Import Request.
  Time since last request: 0.000034 seconds.
  path: Assets/PNG/grey_box.png
  artifactKey: Guid(7f50358c35b5b7f4fb5c94cd3af56b95) Importer(815301076,1909f56bfc062723c751e8b465ee728b)
Number of updated assets reloaded before import = 0
Start importing Assets/PNG/grey_box.png using Guid(7f50358c35b5b7f4fb5c94cd3af56b95) Importer(815301076,1909f56bfc062723c751e8b465ee728b)  -> (artifact id: 'b89960b014665f5b79fbe015ec51324b') in 0.017787 seconds 
Number of asset objects unloaded after import = 2
========================================================================
Received Import Request.
  Time since last request: 0.000023 seconds.
  path: Assets/PNG/grey_boxTick.png
  artifactKey: Guid(1975346af7904314eaf18b7d9d635afd) Importer(815301076,1909f56bfc062723c751e8b465ee728b)
Number of updated assets reloaded before import = 0
Start importing Assets/PNG/grey_boxTick.png using Guid(1975346af7904314eaf18b7d9d635afd) Importer(815301076,1909f56bfc062723c751e8b465ee728b)  -> (artifact id: '6be2a939b00f213ff2c411e2dcb49bcb') in 0.013420 seconds 
Number of asset objects unloaded after import = 2
========================================================================
Received Import Request.
  Time since last request: 127.837620 seconds.
  path: Assets/UISprites
  artifactKey: Guid(bd92eb9d96073c34788975eb26677f90) Importer(815301076,1909f56bfc062723c751e8b465ee728b)
Number of updated assets reloaded before import = 0
Start importing Assets/UISprites using Guid(bd92eb9d96073c34788975eb26677f90) Importer(815301076,1909f56bfc062723c751e8b465ee728b)  -> (artifact id: '51deb2a437db5ec6b3f6832c51852900') in 0.008459 seconds 
Number of asset objects unloaded after import = 0
========================================================================
Received Import Request.
  Time since last request: 359.574864 seconds.
  path: Assets/UISprites/blue_boxCheckmark.png
  artifactKey: Guid(77aea6e082a2d4f4686e3039288d17e5) Importer(815301076,1909f56bfc062723c751e8b465ee728b)
Number of updated assets reloaded before import = 0
Start importing Assets/UISprites/blue_boxCheckmark.png using Guid(77aea6e082a2d4f4686e3039288d17e5) Importer(815301076,1909f56bfc062723c751e8b465ee728b)  -> (artifact id: '355cd24cbc5636f4bdb310e68b55a57c') in 0.057004 seconds 
Number of asset objects unloaded after import = 3
========================================================================
Received Import Request.
  Time since last request: 0.000030 seconds.
  path: Assets/UISprites/blue_button07.png
  artifactKey: Guid(68e3c850b638b6349997f612b6ad3c93) Importer(815301076,1909f56bfc062723c751e8b465ee728b)
Number of updated assets reloaded before import = 0
Start importing Assets/UISprites/blue_button07.png using Guid(68e3c850b638b6349997f612b6ad3c93) Importer(815301076,1909f56bfc062723c751e8b465ee728b)  -> (artifact id: 'a8580b2769abce0267ead32bbffa9967') in 0.018655 seconds 
Number of asset objects unloaded after import = 3
========================================================================
Received Import Request.
  Time since last request: 0.000017 seconds.
  path: Assets/UISprites/blue_button12.png
  artifactKey: Guid(88453fd0647b56541b402a6ca7e2755d) Importer(815301076,1909f56bfc062723c751e8b465ee728b)
Number of updated assets reloaded before import = 0
Start importing Assets/UISprites/blue_button12.png using Guid(88453fd0647b56541b402a6ca7e2755d) Importer(815301076,1909f56bfc062723c751e8b465ee728b)  -> (artifact id: 'f99649b3133d2d23c57ccd455fdb5b3f') in 0.018844 seconds 
Number of asset objects unloaded after import = 3
========================================================================
Received Import Request.
  Time since last request: 0.000024 seconds.
  path: Assets/UISprites/blue_cross.png
  artifactKey: Guid(4251f360e3288e1408da05079a376ff3) Importer(815301076,1909f56bfc062723c751e8b465ee728b)
Number of updated assets reloaded before import = 0
Start importing Assets/UISprites/blue_cross.png using Guid(4251f360e3288e1408da05079a376ff3) Importer(815301076,1909f56bfc062723c751e8b465ee728b)  -> (artifact id: '199b93c809c5542eac7f02626ddb7e1f') in 0.020560 seconds 
Number of asset objects unloaded after import = 3
========================================================================
Received Import Request.
  Time since last request: 0.000023 seconds.
  path: Assets/UISprites/blue_button02.png
  artifactKey: Guid(d39c23edf03c2ef4a9e1d54576448107) Importer(815301076,1909f56bfc062723c751e8b465ee728b)
Number of updated assets reloaded before import = 0
Start importing Assets/UISprites/blue_button02.png using Guid(d39c23edf03c2ef4a9e1d54576448107) Importer(815301076,1909f56bfc062723c751e8b465ee728b)  -> (artifact id: '3460b6b28d94b60e36cc96ac1e93c731') in 0.023415 seconds 
Number of asset objects unloaded after import = 3
========================================================================
Received Import Request.
  Time since last request: 0.000021 seconds.
  path: Assets/UISprites/blue_sliderUp.png
  artifactKey: Guid(f7abbea39611eca49b902dd2cd142537) Importer(815301076,1909f56bfc062723c751e8b465ee728b)
Number of updated assets reloaded before import = 0
Start importing Assets/UISprites/blue_sliderUp.png using Guid(f7abbea39611eca49b902dd2cd142537) Importer(815301076,1909f56bfc062723c751e8b465ee728b)  -> (artifact id: 'a0152d300480c9fcdf1a2879127cd710') in 0.018716 seconds 
Number of asset objects unloaded after import = 3
========================================================================
Received Import Request.
  Time since last request: 0.000016 seconds.
  path: Assets/UISprites/blue_button10.png
  artifactKey: Guid(8e8bb469ae19dc44eb2d308c11a6f481) Importer(815301076,1909f56bfc062723c751e8b465ee728b)
Number of updated assets reloaded before import = 0
Start importing Assets/UISprites/blue_button10.png using Guid(8e8bb469ae19dc44eb2d308c11a6f481) Importer(815301076,1909f56bfc062723c751e8b465ee728b)  -> (artifact id: '45959bdb5cbcf0662afb1b49a54130ac') in 0.020472 seconds 
Number of asset objects unloaded after import = 3
========================================================================
Received Import Request.
  Time since last request: 0.000021 seconds.
  path: Assets/UISprites/blue_circle.png
  artifactKey: Guid(36598a4a1e3aa6641b6d385ddb618e03) Importer(815301076,1909f56bfc062723c751e8b465ee728b)
Number of updated assets reloaded before import = 0
Start importing Assets/UISprites/blue_circle.png using Guid(36598a4a1e3aa6641b6d385ddb618e03) Importer(815301076,1909f56bfc062723c751e8b465ee728b)  -> (artifact id: '5e90577a43ad9c09e1f6140961748f0b') in 0.018014 seconds 
Number of asset objects unloaded after import = 3
========================================================================
Received Import Request.
  Time since last request: 0.000022 seconds.
  path: Assets/UISprites/blue_button06.png
  artifactKey: Guid(135e55d2a1f664949a2c5c56ec008f43) Importer(815301076,1909f56bfc062723c751e8b465ee728b)
Number of updated assets reloaded before import = 0
Start importing Assets/UISprites/blue_button06.png using Guid(135e55d2a1f664949a2c5c56ec008f43) Importer(815301076,1909f56bfc062723c751e8b465ee728b)  -> (artifact id: '214d656feb5ca0c7135613fef77f883b') in 0.020733 seconds 
Number of asset objects unloaded after import = 3
========================================================================
Received Import Request.
  Time since last request: 0.000017 seconds.
  path: Assets/UISprites/blue_boxTick.png
  artifactKey: Guid(c055b3b5ab6608b43870528090bbb7cc) Importer(815301076,1909f56bfc062723c751e8b465ee728b)
Number of updated assets reloaded before import = 0
Start importing Assets/UISprites/blue_boxTick.png using Guid(c055b3b5ab6608b43870528090bbb7cc) Importer(815301076,1909f56bfc062723c751e8b465ee728b)  -> (artifact id: '64c5ccf5e9dfbb730904bd2475adfd79') in 0.016623 seconds 
Number of asset objects unloaded after import = 3
========================================================================
Received Import Request.
  Time since last request: 0.000018 seconds.
  path: Assets/UISprites/blue_button05.png
  artifactKey: Guid(c593dd6c11c40b34c9741e43c0162cc8) Importer(815301076,1909f56bfc062723c751e8b465ee728b)
Number of updated assets reloaded before import = 0
Start importing Assets/UISprites/blue_button05.png using Guid(c593dd6c11c40b34c9741e43c0162cc8) Importer(815301076,1909f56bfc062723c751e8b465ee728b)  -> (artifact id: '23efff2ab297ba010bbcc30113b33a17') in 0.021683 seconds 
Number of asset objects unloaded after import = 3
========================================================================
Received Import Request.
  Time since last request: 0.000024 seconds.
  path: Assets/UISprites/blue_button09.png
  artifactKey: Guid(edb6a857a11fe014290bb9254c4520c5) Importer(815301076,1909f56bfc062723c751e8b465ee728b)
Number of updated assets reloaded before import = 0
Start importing Assets/UISprites/blue_button09.png using Guid(edb6a857a11fe014290bb9254c4520c5) Importer(815301076,1909f56bfc062723c751e8b465ee728b)  -> (artifact id: '53d57e31180ba288cec10db9928a59a6') in 0.018928 seconds 
Number of asset objects unloaded after import = 3
========================================================================
Received Import Request.
  Time since last request: 0.000017 seconds.
  path: Assets/UISprites/blue_button13.png
  artifactKey: Guid(54d60f417222639438e8067b67594ef4) Importer(815301076,1909f56bfc062723c751e8b465ee728b)
Number of updated assets reloaded before import = 0
Start importing Assets/UISprites/blue_button13.png using Guid(54d60f417222639438e8067b67594ef4) Importer(815301076,1909f56bfc062723c751e8b465ee728b)  -> (artifact id: '18f43cb5d601284a4a16b4ac888c1223') in 0.018473 seconds 
Number of asset objects unloaded after import = 3
========================================================================
Received Import Request.
  Time since last request: 0.000019 seconds.
  path: Assets/UISprites/blue_sliderLeft.png
  artifactKey: Guid(b8000b3931891fb43b804b5465ddbc90) Importer(815301076,1909f56bfc062723c751e8b465ee728b)
Number of updated assets reloaded before import = 0
Start importing Assets/UISprites/blue_sliderLeft.png using Guid(b8000b3931891fb43b804b5465ddbc90) Importer(815301076,1909f56bfc062723c751e8b465ee728b)  -> (artifact id: '473dfdc813b4d2fd3d74fba154da6cf2') in 0.018307 seconds 
Number of asset objects unloaded after import = 3
========================================================================
Received Import Request.
  Time since last request: 0.000018 seconds.
  path: Assets/UISprites/blue_sliderDown.png
  artifactKey: Guid(a19422ef0beb9b1439a43b408570ef2f) Importer(815301076,1909f56bfc062723c751e8b465ee728b)
Number of updated assets reloaded before import = 0
Start importing Assets/UISprites/blue_sliderDown.png using Guid(a19422ef0beb9b1439a43b408570ef2f) Importer(815301076,1909f56bfc062723c751e8b465ee728b)  -> (artifact id: 'c5f00b9aa224b1f0deb64d74311a3a2f') in 0.020601 seconds 
Number of asset objects unloaded after import = 3
========================================================================
Received Import Request.
  Time since last request: 24.069181 seconds.
  path: Assets/UISprites/dropdownBottom.png
  artifactKey: Guid(fcc55f755630dca47940a7212a5653df) Importer(815301076,1909f56bfc062723c751e8b465ee728b)
Number of updated assets reloaded before import = 0
Start importing Assets/UISprites/dropdownBottom.png using Guid(fcc55f755630dca47940a7212a5653df) Importer(815301076,1909f56bfc062723c751e8b465ee728b)  -> (artifact id: '2a74b74dcb8265c9bcebe5ff64af4a3b') in 0.021340 seconds 
Number of asset objects unloaded after import = 3
========================================================================
Received Import Request.
  Time since last request: 0.000014 seconds.
  path: Assets/UISprites/green_button02.png
  artifactKey: Guid(b03641bee3d006b429fdb34f191d4b40) Importer(815301076,1909f56bfc062723c751e8b465ee728b)
Number of updated assets reloaded before import = 0
Start importing Assets/UISprites/green_button02.png using Guid(b03641bee3d006b429fdb34f191d4b40) Importer(815301076,1909f56bfc062723c751e8b465ee728b)  -> (artifact id: '253a4110a7a951d45394d8ddeb5a2645') in 0.016060 seconds 
Number of asset objects unloaded after import = 3
========================================================================
Received Import Request.
  Time since last request: 0.000017 seconds.
  path: Assets/UISprites/green_button01.png
  artifactKey: Guid(223d5ab33a848c64fba0419263c7bdef) Importer(815301076,1909f56bfc062723c751e8b465ee728b)
Number of updated assets reloaded before import = 0
Start importing Assets/UISprites/green_button01.png using Guid(223d5ab33a848c64fba0419263c7bdef) Importer(815301076,1909f56bfc062723c751e8b465ee728b)  -> (artifact id: '6d5274d24f1a9886c215ba8b89448f6e') in 0.017323 seconds 
Number of asset objects unloaded after import = 3
========================================================================
Received Import Request.
  Time since last request: 0.000018 seconds.
  path: Assets/UISprites/green_boxTick.png
  artifactKey: Guid(0b465b0a2a1486f47b81b254424dd2ee) Importer(815301076,1909f56bfc062723c751e8b465ee728b)
Number of updated assets reloaded before import = 0
Start importing Assets/UISprites/green_boxTick.png using Guid(0b465b0a2a1486f47b81b254424dd2ee) Importer(815301076,1909f56bfc062723c751e8b465ee728b)  -> (artifact id: '65a187f16b47754c1d582f6132dd3f23') in 0.015711 seconds 
Number of asset objects unloaded after import = 3
========================================================================
Received Import Request.
  Time since last request: 0.000025 seconds.
  path: Assets/UISprites/dropdownTop.png
  artifactKey: Guid(caec669ac0fbeda45b30284498132df7) Importer(815301076,1909f56bfc062723c751e8b465ee728b)
Number of updated assets reloaded before import = 0
Start importing Assets/UISprites/dropdownTop.png using Guid(caec669ac0fbeda45b30284498132df7) Importer(815301076,1909f56bfc062723c751e8b465ee728b)  -> (artifact id: 'ac93d0f01013f7a799b8cbb65b0dd385') in 0.014848 seconds 
Number of asset objects unloaded after import = 3
========================================================================
Received Import Request.
  Time since last request: 2.392090 seconds.
  path: Assets/UISprites/green_button04.png
  artifactKey: Guid(aa25b5d0b2517d44bbd2dd9427ce7e03) Importer(815301076,1909f56bfc062723c751e8b465ee728b)
Number of updated assets reloaded before import = 0
Start importing Assets/UISprites/green_button04.png using Guid(aa25b5d0b2517d44bbd2dd9427ce7e03) Importer(815301076,1909f56bfc062723c751e8b465ee728b)  -> (artifact id: '8b73188c82fcff0084b7acb3d24c0be2') in 0.017576 seconds 
Number of asset objects unloaded after import = 3
========================================================================
Received Import Request.
  Time since last request: 0.000023 seconds.
  path: Assets/UISprites/green_button07.png
  artifactKey: Guid(c1ce36759ec78094da1112232221f864) Importer(815301076,1909f56bfc062723c751e8b465ee728b)
Number of updated assets reloaded before import = 0
Start importing Assets/UISprites/green_button07.png using Guid(c1ce36759ec78094da1112232221f864) Importer(815301076,1909f56bfc062723c751e8b465ee728b)  -> (artifact id: 'c71ca4bf862759ba0f77dbeaa6b72691') in 0.016309 seconds 
Number of asset objects unloaded after import = 3
========================================================================
Received Import Request.
  Time since last request: 254.502498 seconds.
  path: Assets/UISprites/green_button09.png
  artifactKey: Guid(b6a38bff076567f4f92060635cbc5c50) Importer(815301076,1909f56bfc062723c751e8b465ee728b)
Number of updated assets reloaded before import = 0
Start importing Assets/UISprites/green_button09.png using Guid(b6a38bff076567f4f92060635cbc5c50) Importer(815301076,1909f56bfc062723c751e8b465ee728b)  -> (artifact id: '891d0631f5fb5157b287194332c0b7d0') in 0.018392 seconds 
Number of asset objects unloaded after import = 3
========================================================================
Received Import Request.
  Time since last request: 0.000022 seconds.
  path: Assets/UISprites/green_button11.png
  artifactKey: Guid(44fb4dd3e951e5448918e2f6713b1ea0) Importer(815301076,1909f56bfc062723c751e8b465ee728b)
Number of updated assets reloaded before import = 0
Start importing Assets/UISprites/green_button11.png using Guid(44fb4dd3e951e5448918e2f6713b1ea0) Importer(815301076,1909f56bfc062723c751e8b465ee728b)  -> (artifact id: '52defb03b4dce81d8246e1587a18fa4d') in 0.016159 seconds 
Number of asset objects unloaded after import = 3
========================================================================
Received Import Request.
  Time since last request: 0.000022 seconds.
  path: Assets/UISprites/green_button12.png
  artifactKey: Guid(da9bb59799eec8245bab803f221d40f3) Importer(815301076,1909f56bfc062723c751e8b465ee728b)
Number of updated assets reloaded before import = 0
Start importing Assets/UISprites/green_button12.png using Guid(da9bb59799eec8245bab803f221d40f3) Importer(815301076,1909f56bfc062723c751e8b465ee728b)  -> (artifact id: '72961eaba16317704a6f5743c96de05b') in 0.018691 seconds 
Number of asset objects unloaded after import = 3
========================================================================
Received Import Request.
  Time since last request: 0.596126 seconds.
  path: Assets/UISprites/green_checkmark.png
  artifactKey: Guid(2d9aa5aed59df2740b7e5a8c794aef88) Importer(815301076,1909f56bfc062723c751e8b465ee728b)
Number of updated assets reloaded before import = 0
Start importing Assets/UISprites/green_checkmark.png using Guid(2d9aa5aed59df2740b7e5a8c794aef88) Importer(815301076,1909f56bfc062723c751e8b465ee728b)  -> (artifact id: '4f9811de54ed2d1c333387a17fc23733') in 0.016498 seconds 
Number of asset objects unloaded after import = 3
========================================================================
Received Import Request.
  Time since last request: 0.000021 seconds.
  path: Assets/UISprites/green_panel.png
  artifactKey: Guid(d903b0d045b60574dab21aa5399088ab) Importer(815301076,1909f56bfc062723c751e8b465ee728b)
Number of updated assets reloaded before import = 0
Start importing Assets/UISprites/green_panel.png using Guid(d903b0d045b60574dab21aa5399088ab) Importer(815301076,1909f56bfc062723c751e8b465ee728b)  -> (artifact id: '863953fa6a8dca077065af68156f0c6d') in 0.018902 seconds 
Number of asset objects unloaded after import = 3
========================================================================
Received Import Request.
  Time since last request: 0.000017 seconds.
  path: Assets/UISprites/green_cross.png
  artifactKey: Guid(9f51992791b61654aa0684d0c62a93a0) Importer(815301076,1909f56bfc062723c751e8b465ee728b)
Number of updated assets reloaded before import = 0
Start importing Assets/UISprites/green_cross.png using Guid(9f51992791b61654aa0684d0c62a93a0) Importer(815301076,1909f56bfc062723c751e8b465ee728b)  -> (artifact id: 'c7850bfdfe15d2231566949c66abca6f') in 0.015931 seconds 
Number of asset objects unloaded after import = 3
========================================================================
Received Import Request.
  Time since last request: 0.000020 seconds.
  path: Assets/UISprites/green_tick.png
  artifactKey: Guid(17a07ab28a1bdbb45bc22d28fd8b34bc) Importer(815301076,1909f56bfc062723c751e8b465ee728b)
Number of updated assets reloaded before import = 0
Start importing Assets/UISprites/green_tick.png using Guid(17a07ab28a1bdbb45bc22d28fd8b34bc) Importer(815301076,1909f56bfc062723c751e8b465ee728b)  -> (artifact id: '2628bc0230b4d14051c257b88719ddff') in 0.017616 seconds 
Number of asset objects unloaded after import = 3
========================================================================
Received Import Request.
  Time since last request: 0.000020 seconds.
  path: Assets/UISprites/green_sliderRight.png
  artifactKey: Guid(0a3a7a1e7c1889b43809e2dfc60a77ce) Importer(815301076,1909f56bfc062723c751e8b465ee728b)
Number of updated assets reloaded before import = 0
Start importing Assets/UISprites/green_sliderRight.png using Guid(0a3a7a1e7c1889b43809e2dfc60a77ce) Importer(815301076,1909f56bfc062723c751e8b465ee728b)  -> (artifact id: 'ab13a77a873b655b88d0f6e7fbaeb645') in 0.015562 seconds 
Number of asset objects unloaded after import = 3
========================================================================
Received Import Request.
  Time since last request: 0.008123 seconds.
  path: Assets/UISprites/grey_arrowDownWhite.png
  artifactKey: Guid(707831f2afc868240aa43220494aa765) Importer(815301076,1909f56bfc062723c751e8b465ee728b)
Number of updated assets reloaded before import = 0
Start importing Assets/UISprites/grey_arrowDownWhite.png using Guid(707831f2afc868240aa43220494aa765) Importer(815301076,1909f56bfc062723c751e8b465ee728b)  -> (artifact id: '27c31126d92488c5ff49499c37e41815') in 0.016678 seconds 
Number of asset objects unloaded after import = 3
========================================================================
Received Import Request.
  Time since last request: 0.000019 seconds.
  path: Assets/UISprites/grey_arrowUpGrey.png
  artifactKey: Guid(c445f8326b0aac847a353ed626a47d62) Importer(815301076,1909f56bfc062723c751e8b465ee728b)
Number of updated assets reloaded before import = 0
Start importing Assets/UISprites/grey_arrowUpGrey.png using Guid(c445f8326b0aac847a353ed626a47d62) Importer(815301076,1909f56bfc062723c751e8b465ee728b)  -> (artifact id: 'e2c5ebeeb186df640a6605646f6aaa92') in 0.015534 seconds 
Number of asset objects unloaded after import = 3
========================================================================
Received Import Request.
  Time since last request: 5.745678 seconds.
  path: Assets/UISprites/grey_boxCross.png
  artifactKey: Guid(cd3bbbb538942b643b1d35eb3a48b317) Importer(815301076,1909f56bfc062723c751e8b465ee728b)
Number of updated assets reloaded before import = 0
Start importing Assets/UISprites/grey_boxCross.png using Guid(cd3bbbb538942b643b1d35eb3a48b317) Importer(815301076,1909f56bfc062723c751e8b465ee728b)  -> (artifact id: '6601e8d5c5fc58674e6ffbbd03cc9094') in 0.017027 seconds 
Number of asset objects unloaded after import = 3
========================================================================
Received Import Request.
  Time since last request: 0.000023 seconds.
  path: Assets/UISprites/grey_button01.png
  artifactKey: Guid(76dbd1a935448514f9abc7f02c16bcc3) Importer(815301076,1909f56bfc062723c751e8b465ee728b)
Number of updated assets reloaded before import = 0
Start importing Assets/UISprites/grey_button01.png using Guid(76dbd1a935448514f9abc7f02c16bcc3) Importer(815301076,1909f56bfc062723c751e8b465ee728b)  -> (artifact id: 'ae9bc7c1baa2cf8e05a9c02c8137720a') in 0.022957 seconds 
Number of asset objects unloaded after import = 3
========================================================================
Received Import Request.
  Time since last request: 0.000017 seconds.
  path: Assets/UISprites/grey_button05.png
  artifactKey: Guid(cc53623f5cf69154e93e9fa30598b56d) Importer(815301076,1909f56bfc062723c751e8b465ee728b)
Number of updated assets reloaded before import = 0
Start importing Assets/UISprites/grey_button05.png using Guid(cc53623f5cf69154e93e9fa30598b56d) Importer(815301076,1909f56bfc062723c751e8b465ee728b)  -> (artifact id: '8f83626b003495500f51c8e7f7976e54') in 0.027872 seconds 
Number of asset objects unloaded after import = 3
========================================================================
Received Import Request.
  Time since last request: 0.000021 seconds.
  path: Assets/UISprites/grey_button03.png
  artifactKey: Guid(913efd49cdc88124cb20da84efadc254) Importer(815301076,1909f56bfc062723c751e8b465ee728b)
Number of updated assets reloaded before import = 0
Start importing Assets/UISprites/grey_button03.png using Guid(913efd49cdc88124cb20da84efadc254) Importer(815301076,1909f56bfc062723c751e8b465ee728b)  -> (artifact id: 'de209aa1a42870ceddee527b4908e490') in 0.017761 seconds 
Number of asset objects unloaded after import = 3
========================================================================
Received Import Request.
  Time since last request: 0.288466 seconds.
  path: Assets/UISprites/grey_button08.png
  artifactKey: Guid(b00c7ccc7b3b45b4ea599e0a1d7886d9) Importer(815301076,1909f56bfc062723c751e8b465ee728b)
Number of updated assets reloaded before import = 0
Start importing Assets/UISprites/grey_button08.png using Guid(b00c7ccc7b3b45b4ea599e0a1d7886d9) Importer(815301076,1909f56bfc062723c751e8b465ee728b)  -> (artifact id: '55378f45541443d34b85cb9b58616d52') in 0.020463 seconds 
Number of asset objects unloaded after import = 3
========================================================================
Received Import Request.
  Time since last request: 0.009117 seconds.
  path: Assets/UISprites/grey_button12.png
  artifactKey: Guid(e45826816520d73409a7f5fe71607d74) Importer(815301076,1909f56bfc062723c751e8b465ee728b)
Number of updated assets reloaded before import = 0
Start importing Assets/UISprites/grey_button12.png using Guid(e45826816520d73409a7f5fe71607d74) Importer(815301076,1909f56bfc062723c751e8b465ee728b)  -> (artifact id: '00b688dca3d37ed55c9c40d6ff9c794e') in 0.038604 seconds 
Number of asset objects unloaded after import = 3
========================================================================
Received Import Request.
  Time since last request: 0.000018 seconds.
  path: Assets/UISprites/grey_button15.png
  artifactKey: Guid(99e3633aacfb0da4c916340d88d9886a) Importer(815301076,1909f56bfc062723c751e8b465ee728b)
Number of updated assets reloaded before import = 0
Start importing Assets/UISprites/grey_button15.png using Guid(99e3633aacfb0da4c916340d88d9886a) Importer(815301076,1909f56bfc062723c751e8b465ee728b)  -> (artifact id: '86faff63a2445e6874ffe38b1afc9e8b') in 0.018211 seconds 
Number of asset objects unloaded after import = 3
========================================================================
Received Import Request.
  Time since last request: 0.000019 seconds.
  path: Assets/UISprites/grey_button13.png
  artifactKey: Guid(0b28362a788949343ab2d451d2e239d3) Importer(815301076,1909f56bfc062723c751e8b465ee728b)
Number of updated assets reloaded before import = 0
Start importing Assets/UISprites/grey_button13.png using Guid(0b28362a788949343ab2d451d2e239d3) Importer(815301076,1909f56bfc062723c751e8b465ee728b)  -> (artifact id: '1491874055add00d2af38e01581e95bc') in 0.015099 seconds 
Number of asset objects unloaded after import = 3
========================================================================
Received Import Request.
  Time since last request: 0.376198 seconds.
  path: Assets/UISprites/grey_circle.png
  artifactKey: Guid(b8865215410e6904ab5b949494547da0) Importer(815301076,1909f56bfc062723c751e8b465ee728b)
Number of updated assets reloaded before import = 0
Start importing Assets/UISprites/grey_circle.png using Guid(b8865215410e6904ab5b949494547da0) Importer(815301076,1909f56bfc062723c751e8b465ee728b)  -> (artifact id: '0ba20f82653016037dbfef04f6f42b71') in 0.020519 seconds 
Number of asset objects unloaded after import = 3
========================================================================
Received Import Request.
  Time since last request: 0.013546 seconds.
  path: Assets/UISprites/grey_sliderDown.png
  artifactKey: Guid(4c64a5e82c31f614f9b22d760c8dc3c5) Importer(815301076,1909f56bfc062723c751e8b465ee728b)
Number of updated assets reloaded before import = 0
Start importing Assets/UISprites/grey_sliderDown.png using Guid(4c64a5e82c31f614f9b22d760c8dc3c5) Importer(815301076,1909f56bfc062723c751e8b465ee728b)  -> (artifact id: 'c39ddffae65b3297099512cc9478e2bc') in 0.019441 seconds 
Number of asset objects unloaded after import = 3
========================================================================
Received Import Request.
  Time since last request: 0.000024 seconds.
  path: Assets/UISprites/grey_sliderLeft.png
  artifactKey: Guid(334f7c053182b1442a23b2346bddf4eb) Importer(815301076,1909f56bfc062723c751e8b465ee728b)
Number of updated assets reloaded before import = 0
Start importing Assets/UISprites/grey_sliderLeft.png using Guid(334f7c053182b1442a23b2346bddf4eb) Importer(815301076,1909f56bfc062723c751e8b465ee728b)  -> (artifact id: 'fb6528a98bff381174424758c490c9f4') in 0.016528 seconds 
Number of asset objects unloaded after import = 3
========================================================================
Received Import Request.
  Time since last request: 0.788918 seconds.
  path: Assets/UISprites/grey_sliderVertical.png
  artifactKey: Guid(965663a387803ca49888d4efc4c282bd) Importer(815301076,1909f56bfc062723c751e8b465ee728b)
Number of updated assets reloaded before import = 0
Start importing Assets/UISprites/grey_sliderVertical.png using Guid(965663a387803ca49888d4efc4c282bd) Importer(815301076,1909f56bfc062723c751e8b465ee728b)  -> (artifact id: '6c7001f31106b23613d48f01af289172') in 0.016752 seconds 
Number of asset objects unloaded after import = 3
========================================================================
Received Import Request.
  Time since last request: 0.000018 seconds.
  path: Assets/UISprites/red_boxCheckmark.png
  artifactKey: Guid(a8608374c66624144af38a9c83bd5549) Importer(815301076,1909f56bfc062723c751e8b465ee728b)
Number of updated assets reloaded before import = 0
Start importing Assets/UISprites/red_boxCheckmark.png using Guid(a8608374c66624144af38a9c83bd5549) Importer(815301076,1909f56bfc062723c751e8b465ee728b)  -> (artifact id: 'b3f8e054ad2666db13e5eb8a34a1592e') in 0.016309 seconds 
Number of asset objects unloaded after import = 3
========================================================================
Received Import Request.
  Time since last request: 0.000358 seconds.
  path: Assets/UISprites/red_boxTick.png
  artifactKey: Guid(27ec0c0ee46ae2e4cb81510b7af1be29) Importer(815301076,1909f56bfc062723c751e8b465ee728b)
Number of updated assets reloaded before import = 0
Start importing Assets/UISprites/red_boxTick.png using Guid(27ec0c0ee46ae2e4cb81510b7af1be29) Importer(815301076,1909f56bfc062723c751e8b465ee728b)  -> (artifact id: '3864e3d25b46ae11288e448652e11571') in 0.018345 seconds 
Number of asset objects unloaded after import = 3
========================================================================
Received Import Request.
  Time since last request: 0.000023 seconds.
  path: Assets/UISprites/red_button07.png
  artifactKey: Guid(ec07dff7603a16f4fb2ae175ac6c7091) Importer(815301076,1909f56bfc062723c751e8b465ee728b)
Number of updated assets reloaded before import = 0
Start importing Assets/UISprites/red_button07.png using Guid(ec07dff7603a16f4fb2ae175ac6c7091) Importer(815301076,1909f56bfc062723c751e8b465ee728b)  -> (artifact id: 'f516ac7f352bc7a838b985f375000d5f') in 0.019286 seconds 
Number of asset objects unloaded after import = 3
========================================================================
Received Import Request.
  Time since last request: 0.000029 seconds.
  path: Assets/UISprites/red_button03.png
  artifactKey: Guid(e11d208c5dea90547bb1df337eacd95e) Importer(815301076,1909f56bfc062723c751e8b465ee728b)
Number of updated assets reloaded before import = 0
Start importing Assets/UISprites/red_button03.png using Guid(e11d208c5dea90547bb1df337eacd95e) Importer(815301076,1909f56bfc062723c751e8b465ee728b)  -> (artifact id: '0ce145a1574d1cfa4541d1f466da36d5') in 0.064210 seconds 
Number of asset objects unloaded after import = 3
========================================================================
Received Import Request.
  Time since last request: 0.288869 seconds.
  path: Assets/UISprites/red_button09.png
  artifactKey: Guid(e146623752a7abe4c85ab9a793052ae8) Importer(815301076,1909f56bfc062723c751e8b465ee728b)
Number of updated assets reloaded before import = 0
Start importing Assets/UISprites/red_button09.png using Guid(e146623752a7abe4c85ab9a793052ae8) Importer(815301076,1909f56bfc062723c751e8b465ee728b)  -> (artifact id: 'aff603f4883a550656a0af005c8bf08f') in 0.016629 seconds 
Number of asset objects unloaded after import = 3
========================================================================
Received Import Request.
  Time since last request: 0.000023 seconds.
  path: Assets/UISprites/red_button12.png
  artifactKey: Guid(1b9cdbe0cbb903a44ab544f5f3586212) Importer(815301076,1909f56bfc062723c751e8b465ee728b)
Number of updated assets reloaded before import = 0
Start importing Assets/UISprites/red_button12.png using Guid(1b9cdbe0cbb903a44ab544f5f3586212) Importer(815301076,1909f56bfc062723c751e8b465ee728b)  -> (artifact id: '6f308e38998170b3e673fb360a581eaf') in 0.017194 seconds 
Number of asset objects unloaded after import = 3
========================================================================
Received Import Request.
  Time since last request: 0.311217 seconds.
  path: Assets/UISprites/red_checkmark.png
  artifactKey: Guid(e64b7a963f455e34fbe77b835a2d6ef2) Importer(815301076,1909f56bfc062723c751e8b465ee728b)
Number of updated assets reloaded before import = 0
Start importing Assets/UISprites/red_checkmark.png using Guid(e64b7a963f455e34fbe77b835a2d6ef2) Importer(815301076,1909f56bfc062723c751e8b465ee728b)  -> (artifact id: '5fabf467584fb34f6d00f223b648ef9e') in 0.017118 seconds 
Number of asset objects unloaded after import = 3
========================================================================
Received Import Request.
  Time since last request: 0.031840 seconds.
  path: Assets/UISprites/red_sliderLeft.png
  artifactKey: Guid(c1aa78226a3e05c45b37ad3f24856aa3) Importer(815301076,1909f56bfc062723c751e8b465ee728b)
Number of updated assets reloaded before import = 0
Start importing Assets/UISprites/red_sliderLeft.png using Guid(c1aa78226a3e05c45b37ad3f24856aa3) Importer(815301076,1909f56bfc062723c751e8b465ee728b)  -> (artifact id: '8456279cbbed56e6e0aab40d7d8b8466') in 0.016470 seconds 
Number of asset objects unloaded after import = 3
========================================================================
Received Import Request.
  Time since last request: 0.000020 seconds.
  path: Assets/UISprites/yellow_button00.png
  artifactKey: Guid(713e19067f399c04b8919de6f10c4832) Importer(815301076,1909f56bfc062723c751e8b465ee728b)
Number of updated assets reloaded before import = 0
Start importing Assets/UISprites/yellow_button00.png using Guid(713e19067f399c04b8919de6f10c4832) Importer(815301076,1909f56bfc062723c751e8b465ee728b)  -> (artifact id: 'f76fba887ca3848e1eeebae017c18cec') in 0.018599 seconds 
Number of asset objects unloaded after import = 3
========================================================================
Received Import Request.
  Time since last request: 0.000018 seconds.
  path: Assets/UISprites/yellow_boxCross.png
  artifactKey: Guid(44588b3ab800de84b95b84849ab91db1) Importer(815301076,1909f56bfc062723c751e8b465ee728b)
Number of updated assets reloaded before import = 0
Start importing Assets/UISprites/yellow_boxCross.png using Guid(44588b3ab800de84b95b84849ab91db1) Importer(815301076,1909f56bfc062723c751e8b465ee728b)  -> (artifact id: '7af65ab6d6df31d748ab07a7db998c03') in 0.017888 seconds 
Number of asset objects unloaded after import = 3
========================================================================
Received Import Request.
  Time since last request: 0.267627 seconds.
  path: Assets/UISprites/yellow_button03.png
  artifactKey: Guid(c83e5b275ae12ff48863301938ac9fd4) Importer(815301076,1909f56bfc062723c751e8b465ee728b)
Number of updated assets reloaded before import = 0
Start importing Assets/UISprites/yellow_button03.png using Guid(c83e5b275ae12ff48863301938ac9fd4) Importer(815301076,1909f56bfc062723c751e8b465ee728b)  -> (artifact id: 'e5f5e9dc8e9236de0fa41fb0869a6fbe') in 0.018035 seconds 
Number of asset objects unloaded after import = 3
========================================================================
Received Import Request.
  Time since last request: 0.014772 seconds.
  path: Assets/UISprites/yellow_button07.png
  artifactKey: Guid(7308127e2fa3e0f439c4b0b15600e427) Importer(815301076,1909f56bfc062723c751e8b465ee728b)
Number of updated assets reloaded before import = 0
Start importing Assets/UISprites/yellow_button07.png using Guid(7308127e2fa3e0f439c4b0b15600e427) Importer(815301076,1909f56bfc062723c751e8b465ee728b)  -> (artifact id: '3a401b8917c50081a0b5417d956c047c') in 0.017070 seconds 
Number of asset objects unloaded after import = 3
========================================================================
Received Import Request.
  Time since last request: 0.000020 seconds.
  path: Assets/UISprites/yellow_button11.png
  artifactKey: Guid(f640923d51d52824fb500139834c63a6) Importer(815301076,1909f56bfc062723c751e8b465ee728b)
Number of updated assets reloaded before import = 0
Start importing Assets/UISprites/yellow_button11.png using Guid(f640923d51d52824fb500139834c63a6) Importer(815301076,1909f56bfc062723c751e8b465ee728b)  -> (artifact id: 'f0cf1cc1e938f00e6cbc472dc81da2e8') in 0.017283 seconds 
Number of asset objects unloaded after import = 3
========================================================================
Received Import Request.
  Time since last request: 0.241601 seconds.
  path: Assets/UISprites/yellow_button13.png
  artifactKey: Guid(e480b3bc34d99734c881adae1db4820e) Importer(815301076,1909f56bfc062723c751e8b465ee728b)
Number of updated assets reloaded before import = 0
Start importing Assets/UISprites/yellow_button13.png using Guid(e480b3bc34d99734c881adae1db4820e) Importer(815301076,1909f56bfc062723c751e8b465ee728b)  -> (artifact id: 'a3baeb33ae2da5f2ba8d515150b4fda6') in 0.017080 seconds 
Number of asset objects unloaded after import = 3
========================================================================
Received Import Request.
  Time since last request: 0.000017 seconds.
  path: Assets/UISprites/yellow_cross.png
  artifactKey: Guid(bd99dad64c98dbb41a5f5c6c5d434c9c) Importer(815301076,1909f56bfc062723c751e8b465ee728b)
Number of updated assets reloaded before import = 0
Start importing Assets/UISprites/yellow_cross.png using Guid(bd99dad64c98dbb41a5f5c6c5d434c9c) Importer(815301076,1909f56bfc062723c751e8b465ee728b)  -> (artifact id: 'd039112e9910ad8fdd092e61e756ea14') in 0.018841 seconds 
Number of asset objects unloaded after import = 3
========================================================================
Received Import Request.
  Time since last request: 0.000018 seconds.
  path: Assets/UISprites/yellow_sliderLeft.png
  artifactKey: Guid(f0f40b39945f182469ab18aeb0235697) Importer(815301076,1909f56bfc062723c751e8b465ee728b)
Number of updated assets reloaded before import = 0
Start importing Assets/UISprites/yellow_sliderLeft.png using Guid(f0f40b39945f182469ab18aeb0235697) Importer(815301076,1909f56bfc062723c751e8b465ee728b)  -> (artifact id: '2f4a867012f5cf5d5383c3350c45e4ab') in 0.019382 seconds 
Number of asset objects unloaded after import = 3
Editor requested this worker to shutdown with reason: Scaling down because of idle timeout
AssetImportWorker is now disconnected from the server
Process exiting
Exiting without the bug reporter. Application will terminate with return code 0