Using pre-set license
Built from '2021.3/staging' branch; Version is '2021.3.30f1 (b4360d7cdac4) revision 11810317'; Using compiler version '192829333'; Build Type 'Release'
OS: 'Windows 10  (10.0.19045) 64bit Professional' Language: 'ru' Physical Memory: 16315 MB
BatchMode: 1, IsHumanControllingUs: 0, StartBugReporterOnCrash: 0, Is64bit: 1, IsPro: 1

COMMAND LINE ARGUMENTS:
H:\Unity\2021.3.30f1\Editor\Unity.exe
-adb2
-batchMode
-noUpm
-name
AssetImportWorker1
-projectPath
H:/Unity/My project
-logFile
Logs/AssetImportWorker1.log
-srvPort
51442
Successfully changed project path to: H:/Unity/My project
H:/Unity/My project
[UnityMemory] Configuration Parameters - Can be set up in boot.config
    "memorysetup-bucket-allocator-granularity=16"
    "memorysetup-bucket-allocator-bucket-count=8"
    "memorysetup-bucket-allocator-block-size=33554432"
    "memorysetup-bucket-allocator-block-count=8"
    "memorysetup-main-allocator-block-size=16777216"
    "memorysetup-thread-allocator-block-size=16777216"
    "memorysetup-gfx-main-allocator-block-size=16777216"
    "memorysetup-gfx-thread-allocator-block-size=16777216"
    "memorysetup-cache-allocator-block-size=4194304"
    "memorysetup-typetree-allocator-block-size=2097152"
    "memorysetup-profiler-bucket-allocator-granularity=16"
    "memorysetup-profiler-bucket-allocator-bucket-count=8"
    "memorysetup-profiler-bucket-allocator-block-size=33554432"
    "memorysetup-profiler-bucket-allocator-block-count=8"
    "memorysetup-profiler-allocator-block-size=16777216"
    "memorysetup-profiler-editor-allocator-block-size=1048576"
    "memorysetup-temp-allocator-size-main=16777216"
    "memorysetup-job-temp-allocator-block-size=2097152"
    "memorysetup-job-temp-allocator-block-size-background=1048576"
    "memorysetup-job-temp-allocator-reduction-small-platforms=262144"
    "memorysetup-temp-allocator-size-background-worker=32768"
    "memorysetup-temp-allocator-size-job-worker=262144"
    "memorysetup-temp-allocator-size-preload-manager=33554432"
    "memorysetup-temp-allocator-size-nav-mesh-worker=65536"
    "memorysetup-temp-allocator-size-audio-worker=65536"
    "memorysetup-temp-allocator-size-cloud-worker=32768"
    "memorysetup-temp-allocator-size-gi-baking-worker=262144"
    "memorysetup-temp-allocator-size-gfx=262144"
Player connection [13600] Host "[IP] 192.168.0.131 [Port] 0 [Flags] 2 [Guid] 486642283 [EditorId] 486642283 [Version] 1048832 [Id] WindowsEditor(7,DESKTOP-Q1P8R86) [Debug] 1 [PackageName] WindowsEditor [ProjectName] Editor" joined multi-casting on [225.0.0.222:54997]...

Player connection [13600] Host "[IP] 192.168.0.131 [Port] 0 [Flags] 2 [Guid] 486642283 [EditorId] 486642283 [Version] 1048832 [Id] WindowsEditor(7,DESKTOP-Q1P8R86) [Debug] 1 [PackageName] WindowsEditor [ProjectName] Editor" joined alternative multi-casting on [225.0.0.222:34997]...

[Physics::Module] Initialized MultithreadedJobDispatcher with {0} workers.
Refreshing native plugins compatible for Editor in 58.70 ms, found 3 plugins.
Preloading 0 native plugins for Editor in 0.00 ms.
Initialize engine version: 2021.3.30f1 (b4360d7cdac4)
[Subsystems] Discovering subsystems at path H:/Unity/2021.3.30f1/Editor/Data/Resources/UnitySubsystems
[Subsystems] Discovering subsystems at path H:/Unity/My project/Assets
GfxDevice: creating device client; threaded=0; jobified=0
Direct3D:
    Version:  Direct3D 11.0 [level 11.1]
    Renderer: NVIDIA GeForce GT 1030 (ID=0x1d01)
    Vendor:   NVIDIA
    VRAM:     1981 MB
    Driver:   31.0.15.3623
Initialize mono
Mono path[0] = 'H:/Unity/2021.3.30f1/Editor/Data/Managed'
Mono path[1] = 'H:/Unity/2021.3.30f1/Editor/Data/MonoBleedingEdge/lib/mono/unityjit-win32'
Mono config path = 'H:/Unity/2021.3.30f1/Editor/Data/MonoBleedingEdge/etc'
Using monoOptions --debugger-agent=transport=dt_socket,embedding=1,server=y,suspend=n,address=127.0.0.1:56652
Begin MonoManager ReloadAssembly
Registering precompiled unity dll's ...
Register platform support module: H:/Unity/2021.3.30f1/Editor/Data/PlaybackEngines/WindowsStandaloneSupport/UnityEditor.WindowsStandalone.Extensions.dll
Registered in 0.002509 seconds.
Native extension for WindowsStandalone target not found
Refreshing native plugins compatible for Editor in 60.61 ms, found 3 plugins.
Preloading 0 native plugins for Editor in 0.00 ms.
Mono: successfully reloaded assembly
- Completed reload, in  0.534 seconds
Domain Reload Profiling:
	ReloadAssembly (534ms)
		BeginReloadAssembly (86ms)
			ExecutionOrderSort (0ms)
			DisableScriptedObjects (0ms)
			BackupInstance (0ms)
			ReleaseScriptingObjects (0ms)
			CreateAndSetChildDomain (1ms)
		EndReloadAssembly (365ms)
			LoadAssemblies (85ms)
			RebuildTransferFunctionScriptingTraits (0ms)
			SetupTypeCache (97ms)
			ReleaseScriptCaches (0ms)
			RebuildScriptCaches (25ms)
			SetupLoadedEditorAssemblies (212ms)
				LogAssemblyErrors (0ms)
				InitializePlatformSupportModulesInManaged (6ms)
				SetLoadedEditorAssemblies (0ms)
				RefreshPlugins (61ms)
				BeforeProcessingInitializeOnLoad (1ms)
				ProcessInitializeOnLoadAttributes (105ms)
				ProcessInitializeOnLoadMethodAttributes (39ms)
				AfterProcessingInitializeOnLoad (0ms)
				EditorAssembliesLoaded (0ms)
			ExecutionOrderSort2 (0ms)
			AwakeInstancesAfterBackupRestoration (0ms)
Platform modules already initialized, skipping
Registering precompiled user dll's ...
Registered in 0.002997 seconds.
Begin MonoManager ReloadAssembly
Native extension for WindowsStandalone target not found
Refreshing native plugins compatible for Editor in 0.78 ms, found 3 plugins.
Preloading 0 native plugins for Editor in 0.00 ms.
Package Manager log level set to [2]
[Package Manager] Server::EnsureServerProcessIsRunning -- launch failed, reason: Unity was launched with the -noUpm command-line argument
[Package Manager] Cannot connect to Unity Package Manager local server
Mono: successfully reloaded assembly
- Completed reload, in  1.205 seconds
Domain Reload Profiling:
	ReloadAssembly (1205ms)
		BeginReloadAssembly (111ms)
			ExecutionOrderSort (0ms)
			DisableScriptedObjects (5ms)
			BackupInstance (0ms)
			ReleaseScriptingObjects (0ms)
			CreateAndSetChildDomain (20ms)
		EndReloadAssembly (1007ms)
			LoadAssemblies (82ms)
			RebuildTransferFunctionScriptingTraits (0ms)
			SetupTypeCache (232ms)
			ReleaseScriptCaches (1ms)
			RebuildScriptCaches (42ms)
			SetupLoadedEditorAssemblies (643ms)
				LogAssemblyErrors (0ms)
				InitializePlatformSupportModulesInManaged (4ms)
				SetLoadedEditorAssemblies (0ms)
				RefreshPlugins (1ms)
				BeforeProcessingInitializeOnLoad (61ms)
				ProcessInitializeOnLoadAttributes (554ms)
				ProcessInitializeOnLoadMethodAttributes (19ms)
				AfterProcessingInitializeOnLoad (4ms)
				EditorAssembliesLoaded (0ms)
			ExecutionOrderSort2 (0ms)
			AwakeInstancesAfterBackupRestoration (6ms)
Platform modules already initialized, skipping
========================================================================
Worker process is ready to serve import requests
Launched and connected shader compiler UnityShaderCompiler.exe after 0.04 seconds
Refreshing native plugins compatible for Editor in 0.58 ms, found 3 plugins.
Preloading 0 native plugins for Editor in 0.00 ms.
Unloading 3054 Unused Serialized files (Serialized files now loaded: 0)
Unloading 22 unused Assets / (46.9 KB). Loaded Objects now: 3516.
Memory consumption went from 108.0 MB to 108.0 MB.
Total: 3.893700 ms (FindLiveObjects: 0.426900 ms CreateObjectMapping: 0.081300 ms MarkObjects: 3.259100 ms  DeleteObjects: 0.124900 ms)

AssetImportParameters requested are different than current active one (requested -> active):
  custom:video-decoder-ogg-theora: a1e56fd34408186e4bbccfd4996cb3dc -> 
  custom:container-muxer-webm: aa71ff27fc2769a1b78a27578f13a17b -> 
  custom:container-demuxer-webm: 4f35f7cbe854078d1ac9338744f61a02 -> 
  custom:video-encoder-webm-vp8: eb34c28f22e8b96e1ab97ce403110664 -> 
  custom:CustomObjectIndexerAttribute: bc11b3a6c3213fcdd17b65e7da85e133 -> 
  custom:audio-encoder-webm-vorbis: bf7c407c2cedff20999df2af8eb42d56 -> 
  custom:framework-win-MediaFoundation: 216162199b28c13a410421893ffa2e32 -> 
  custom:SearchIndexIgnoredProperties: e643bd26f0fe6173181afceb89e7c659 -> 
  custom:container-demuxer-ogg: 62fdf1f143b41e24485cea50d1cbac27 -> 
  custom:video-decoder-webm-vp8: 9c59270c3fd7afecdb556c50c9e8de78 -> 
  custom:audio-decoder-ogg-vorbis: bf7c407c2cedff20999df2af8eb42d56 -> 
========================================================================
Received Import Request.
  Time since last request: 222151.136631 seconds.
  path: Assets/PNG/blue_boxCross.png
  artifactKey: Guid(8da5435058e1b364b9fce3a3409ad9d5) Importer(815301076,1909f56bfc062723c751e8b465ee728b)
Number of updated assets reloaded before import = 0
Start importing Assets/PNG/blue_boxCross.png using Guid(8da5435058e1b364b9fce3a3409ad9d5) Importer(815301076,1909f56bfc062723c751e8b465ee728b)  -> (artifact id: '756d1969ca2cb2e434ad6ba5635326b2') in 0.080615 seconds 
Number of asset objects unloaded after import = 2
========================================================================
Received Import Request.
  Time since last request: 0.000021 seconds.
  path: Assets/PNG/blue_button12.png
  artifactKey: Guid(88453fd0647b56541b402a6ca7e2755d) Importer(815301076,1909f56bfc062723c751e8b465ee728b)
Number of updated assets reloaded before import = 0
Start importing Assets/PNG/blue_button12.png using Guid(88453fd0647b56541b402a6ca7e2755d) Importer(815301076,1909f56bfc062723c751e8b465ee728b)  -> (artifact id: 'a99b558058ce8de2307ef1b912b938d0') in 0.015969 seconds 
Number of asset objects unloaded after import = 2
========================================================================
Received Import Request.
  Time since last request: 0.000020 seconds.
  path: Assets/PNG/blue_cross.png
  artifactKey: Guid(4251f360e3288e1408da05079a376ff3) Importer(815301076,1909f56bfc062723c751e8b465ee728b)
Number of updated assets reloaded before import = 0
Start importing Assets/PNG/blue_cross.png using Guid(4251f360e3288e1408da05079a376ff3) Importer(815301076,1909f56bfc062723c751e8b465ee728b)  -> (artifact id: '194faf206c8a1ce21a055306812fe4b4') in 0.014729 seconds 
Number of asset objects unloaded after import = 2
========================================================================
Received Import Request.
  Time since last request: 0.000019 seconds.
  path: Assets/PNG/blue_button00.png
  artifactKey: Guid(131b3b2320c12ad40a998a8fdda37a09) Importer(815301076,1909f56bfc062723c751e8b465ee728b)
Number of updated assets reloaded before import = 0
Start importing Assets/PNG/blue_button00.png using Guid(131b3b2320c12ad40a998a8fdda37a09) Importer(815301076,1909f56bfc062723c751e8b465ee728b)  -> (artifact id: 'b0032d7b09fd9f771642edba7fbf0d1f') in 0.016923 seconds 
Number of asset objects unloaded after import = 2
========================================================================
Received Import Request.
  Time since last request: 0.000022 seconds.
  path: Assets/PNG/blue_button04.png
  artifactKey: Guid(9282f459bcde77f4cb2db13da41657cc) Importer(815301076,1909f56bfc062723c751e8b465ee728b)
Number of updated assets reloaded before import = 0
Start importing Assets/PNG/blue_button04.png using Guid(9282f459bcde77f4cb2db13da41657cc) Importer(815301076,1909f56bfc062723c751e8b465ee728b)  -> (artifact id: '64cece5926d49f54f9ffe00b6acab5f0') in 0.014194 seconds 
Number of asset objects unloaded after import = 2
========================================================================
Received Import Request.
  Time since last request: 0.000030 seconds.
  path: Assets/PNG/green_boxCross.png
  artifactKey: Guid(e2af57f379640334b95e0340b451b004) Importer(815301076,1909f56bfc062723c751e8b465ee728b)
Number of updated assets reloaded before import = 0
Start importing Assets/PNG/green_boxCross.png using Guid(e2af57f379640334b95e0340b451b004) Importer(815301076,1909f56bfc062723c751e8b465ee728b)  -> (artifact id: '0c8a1bb168dfd63210cb7c229152c7d1') in 0.014909 seconds 
Number of asset objects unloaded after import = 2
========================================================================
Received Import Request.
  Time since last request: 0.000019 seconds.
  path: Assets/PNG/blue_button11.png
  artifactKey: Guid(88ec1ff7e572cc24c8b07bb4e38a2c40) Importer(815301076,1909f56bfc062723c751e8b465ee728b)
Number of updated assets reloaded before import = 0
Start importing Assets/PNG/blue_button11.png using Guid(88ec1ff7e572cc24c8b07bb4e38a2c40) Importer(815301076,1909f56bfc062723c751e8b465ee728b)  -> (artifact id: '78ecc4fed0b03b26e3b5ae7e45f5a89b') in 0.015222 seconds 
Number of asset objects unloaded after import = 2
========================================================================
Received Import Request.
  Time since last request: 0.000020 seconds.
  path: Assets/PNG/blue_panel.png
  artifactKey: Guid(4fca1cce09a58624a849ede3e7be6290) Importer(815301076,1909f56bfc062723c751e8b465ee728b)
Number of updated assets reloaded before import = 0
Start importing Assets/PNG/blue_panel.png using Guid(4fca1cce09a58624a849ede3e7be6290) Importer(815301076,1909f56bfc062723c751e8b465ee728b)  -> (artifact id: '719712e23c6133e415b90001e121df93') in 0.016081 seconds 
Number of asset objects unloaded after import = 2
========================================================================
Received Import Request.
  Time since last request: 0.000021 seconds.
  path: Assets/PNG/blue_button06.png
  artifactKey: Guid(135e55d2a1f664949a2c5c56ec008f43) Importer(815301076,1909f56bfc062723c751e8b465ee728b)
Number of updated assets reloaded before import = 0
Start importing Assets/PNG/blue_button06.png using Guid(135e55d2a1f664949a2c5c56ec008f43) Importer(815301076,1909f56bfc062723c751e8b465ee728b)  -> (artifact id: '5f7268c5b6cb5f7b9eb686122ee71ea6') in 0.013800 seconds 
Number of asset objects unloaded after import = 2
========================================================================
Received Import Request.
  Time since last request: 0.000024 seconds.
  path: Assets/PNG/green_boxTick.png
  artifactKey: Guid(0b465b0a2a1486f47b81b254424dd2ee) Importer(815301076,1909f56bfc062723c751e8b465ee728b)
Number of updated assets reloaded before import = 0
Start importing Assets/PNG/green_boxTick.png using Guid(0b465b0a2a1486f47b81b254424dd2ee) Importer(815301076,1909f56bfc062723c751e8b465ee728b)  -> (artifact id: 'bcd788c5f823edf5197f935a4653789e') in 0.016112 seconds 
Number of asset objects unloaded after import = 2
========================================================================
Received Import Request.
  Time since last request: 0.000019 seconds.
  path: Assets/PNG/blue_button03.png
  artifactKey: Guid(5115a686993f7764f95a5040e9e4652b) Importer(815301076,1909f56bfc062723c751e8b465ee728b)
Number of updated assets reloaded before import = 0
Start importing Assets/PNG/blue_button03.png using Guid(5115a686993f7764f95a5040e9e4652b) Importer(815301076,1909f56bfc062723c751e8b465ee728b)  -> (artifact id: '890be44e458f5c5aee18d034d408fbd8') in 0.015277 seconds 
Number of asset objects unloaded after import = 2
========================================================================
Received Import Request.
  Time since last request: 0.000022 seconds.
  path: Assets/PNG/blue_button05.png
  artifactKey: Guid(c593dd6c11c40b34c9741e43c0162cc8) Importer(815301076,1909f56bfc062723c751e8b465ee728b)
Number of updated assets reloaded before import = 0
Start importing Assets/PNG/blue_button05.png using Guid(c593dd6c11c40b34c9741e43c0162cc8) Importer(815301076,1909f56bfc062723c751e8b465ee728b)  -> (artifact id: '942344b483211c4e93f4f4cf42e48d95') in 0.015251 seconds 
Number of asset objects unloaded after import = 2
========================================================================
Received Import Request.
  Time since last request: 0.000018 seconds.
  path: Assets/PNG/green_boxCheckmark.png
  artifactKey: Guid(cf1e0004254cc2c4a877819631b9a593) Importer(815301076,1909f56bfc062723c751e8b465ee728b)
Number of updated assets reloaded before import = 0
Start importing Assets/PNG/green_boxCheckmark.png using Guid(cf1e0004254cc2c4a877819631b9a593) Importer(815301076,1909f56bfc062723c751e8b465ee728b)  -> (artifact id: 'a0d54db3662f55dc8080e3b80a701a37') in 0.014616 seconds 
Number of asset objects unloaded after import = 2
========================================================================
Received Import Request.
  Time since last request: 0.000020 seconds.
  path: Assets/PNG/blue_checkmark.png
  artifactKey: Guid(210eaa5795bb4d049b998a0b55c30867) Importer(815301076,1909f56bfc062723c751e8b465ee728b)
Number of updated assets reloaded before import = 0
Start importing Assets/PNG/blue_checkmark.png using Guid(210eaa5795bb4d049b998a0b55c30867) Importer(815301076,1909f56bfc062723c751e8b465ee728b)  -> (artifact id: '10616e4665ed1d3efa218fd84c73180c') in 0.018104 seconds 
Number of asset objects unloaded after import = 2
========================================================================
Received Import Request.
  Time since last request: 0.000019 seconds.
  path: Assets/PNG/blue_button13.png
  artifactKey: Guid(54d60f417222639438e8067b67594ef4) Importer(815301076,1909f56bfc062723c751e8b465ee728b)
Number of updated assets reloaded before import = 0
Start importing Assets/PNG/blue_button13.png using Guid(54d60f417222639438e8067b67594ef4) Importer(815301076,1909f56bfc062723c751e8b465ee728b)  -> (artifact id: '7f806ae7f0367689f86cb1d4d116d338') in 0.016528 seconds 
Number of asset objects unloaded after import = 2
========================================================================
Received Import Request.
  Time since last request: 0.000021 seconds.
  path: Assets/PNG/blue_button01.png
  artifactKey: Guid(2b33961b582b54941aa1ff30ccb0ee56) Importer(815301076,1909f56bfc062723c751e8b465ee728b)
Number of updated assets reloaded before import = 0
Start importing Assets/PNG/blue_button01.png using Guid(2b33961b582b54941aa1ff30ccb0ee56) Importer(815301076,1909f56bfc062723c751e8b465ee728b)  -> (artifact id: '586df162c48ddf7ad4ee741359716ac6') in 0.015792 seconds 
Number of asset objects unloaded after import = 2
========================================================================
Received Import Request.
  Time since last request: 0.808331 seconds.
  path: Assets/PNG/green_button02.png
  artifactKey: Guid(b03641bee3d006b429fdb34f191d4b40) Importer(815301076,1909f56bfc062723c751e8b465ee728b)
Number of updated assets reloaded before import = 0
Start importing Assets/PNG/green_button02.png using Guid(b03641bee3d006b429fdb34f191d4b40) Importer(815301076,1909f56bfc062723c751e8b465ee728b)  -> (artifact id: 'a4d7898f6325f64da45386a2350bbd0d') in 0.014486 seconds 
Number of asset objects unloaded after import = 2
========================================================================
Received Import Request.
  Time since last request: 0.000019 seconds.
  path: Assets/PNG/green_button04.png
  artifactKey: Guid(aa25b5d0b2517d44bbd2dd9427ce7e03) Importer(815301076,1909f56bfc062723c751e8b465ee728b)
Number of updated assets reloaded before import = 0
Start importing Assets/PNG/green_button04.png using Guid(aa25b5d0b2517d44bbd2dd9427ce7e03) Importer(815301076,1909f56bfc062723c751e8b465ee728b)  -> (artifact id: '6d63c478f5dd29cb82d840c4a52f50e9') in 0.015498 seconds 
Number of asset objects unloaded after import = 2
========================================================================
Received Import Request.
  Time since last request: 0.000020 seconds.
  path: Assets/PNG/green_button03.png
  artifactKey: Guid(ec0fd07ce58e66a4cb115892f64417b2) Importer(815301076,1909f56bfc062723c751e8b465ee728b)
Number of updated assets reloaded before import = 0
Start importing Assets/PNG/green_button03.png using Guid(ec0fd07ce58e66a4cb115892f64417b2) Importer(815301076,1909f56bfc062723c751e8b465ee728b)  -> (artifact id: 'f5efe80eb20313359c3798923eeb7340') in 0.015870 seconds 
Number of asset objects unloaded after import = 2
========================================================================
Received Import Request.
  Time since last request: 0.000022 seconds.
  path: Assets/PNG/green_button05.png
  artifactKey: Guid(a26bdd464d894ef4f9283e34e8e000c9) Importer(815301076,1909f56bfc062723c751e8b465ee728b)
Number of updated assets reloaded before import = 0
Start importing Assets/PNG/green_button05.png using Guid(a26bdd464d894ef4f9283e34e8e000c9) Importer(815301076,1909f56bfc062723c751e8b465ee728b)  -> (artifact id: '32a48e7d64b0e4582552c6dcf57bda6e') in 0.015581 seconds 
Number of asset objects unloaded after import = 2
========================================================================
Received Import Request.
  Time since last request: 0.487276 seconds.
  path: Assets/PNG/green_button10.png
  artifactKey: Guid(05b71704aac48bf4694aee5af659e32f) Importer(815301076,1909f56bfc062723c751e8b465ee728b)
Number of updated assets reloaded before import = 0
Start importing Assets/PNG/green_button10.png using Guid(05b71704aac48bf4694aee5af659e32f) Importer(815301076,1909f56bfc062723c751e8b465ee728b)  -> (artifact id: '0468c1163bec97946d69d8d61b1660be') in 0.014371 seconds 
Number of asset objects unloaded after import = 2
========================================================================
Received Import Request.
  Time since last request: 0.000023 seconds.
  path: Assets/PNG/green_cross.png
  artifactKey: Guid(9f51992791b61654aa0684d0c62a93a0) Importer(815301076,1909f56bfc062723c751e8b465ee728b)
Number of updated assets reloaded before import = 0
Start importing Assets/PNG/green_cross.png using Guid(9f51992791b61654aa0684d0c62a93a0) Importer(815301076,1909f56bfc062723c751e8b465ee728b)  -> (artifact id: '60e6685cfe31aaa8e7359cbb60100b85') in 0.015200 seconds 
Number of asset objects unloaded after import = 2
========================================================================
Received Import Request.
  Time since last request: 0.000021 seconds.
  path: Assets/PNG/green_circle.png
  artifactKey: Guid(7bda25c2b92212442a00b460f42b56d7) Importer(815301076,1909f56bfc062723c751e8b465ee728b)
Number of updated assets reloaded before import = 0
Start importing Assets/PNG/green_circle.png using Guid(7bda25c2b92212442a00b460f42b56d7) Importer(815301076,1909f56bfc062723c751e8b465ee728b)  -> (artifact id: '1fc67c8712ad869719b597624df334c1') in 0.014651 seconds 
Number of asset objects unloaded after import = 2
========================================================================
Received Import Request.
  Time since last request: 0.000021 seconds.
  path: Assets/PNG/green_panel.png
  artifactKey: Guid(d903b0d045b60574dab21aa5399088ab) Importer(815301076,1909f56bfc062723c751e8b465ee728b)
Number of updated assets reloaded before import = 0
Start importing Assets/PNG/green_panel.png using Guid(d903b0d045b60574dab21aa5399088ab) Importer(815301076,1909f56bfc062723c751e8b465ee728b)  -> (artifact id: '50a1b54cfd38e21846ce267980c38fce') in 0.015833 seconds 
Number of asset objects unloaded after import = 2
========================================================================
Received Import Request.
  Time since last request: 0.000019 seconds.
  path: Assets/PNG/green_sliderUp.png
  artifactKey: Guid(f1d73befecfc8d343a5b7acd0712f98d) Importer(815301076,1909f56bfc062723c751e8b465ee728b)
Number of updated assets reloaded before import = 0
Start importing Assets/PNG/green_sliderUp.png using Guid(f1d73befecfc8d343a5b7acd0712f98d) Importer(815301076,1909f56bfc062723c751e8b465ee728b)  -> (artifact id: 'cea3fecdd7fea01bbfb5b79a3e0e7c54') in 0.015375 seconds 
Number of asset objects unloaded after import = 2
========================================================================
Received Import Request.
  Time since last request: 0.000021 seconds.
  path: Assets/PNG/green_tick.png
  artifactKey: Guid(17a07ab28a1bdbb45bc22d28fd8b34bc) Importer(815301076,1909f56bfc062723c751e8b465ee728b)
Number of updated assets reloaded before import = 0
Start importing Assets/PNG/green_tick.png using Guid(17a07ab28a1bdbb45bc22d28fd8b34bc) Importer(815301076,1909f56bfc062723c751e8b465ee728b)  -> (artifact id: 'eae7aaba2602af3d52f9f7613430aaca') in 0.014535 seconds 
Number of asset objects unloaded after import = 2
========================================================================
Received Import Request.
  Time since last request: 0.000026 seconds.
  path: Assets/PNG/green_sliderRight.png
  artifactKey: Guid(0a3a7a1e7c1889b43809e2dfc60a77ce) Importer(815301076,1909f56bfc062723c751e8b465ee728b)
Number of updated assets reloaded before import = 0
Start importing Assets/PNG/green_sliderRight.png using Guid(0a3a7a1e7c1889b43809e2dfc60a77ce) Importer(815301076,1909f56bfc062723c751e8b465ee728b)  -> (artifact id: 'b68ee9455e301657c0eecd5d5ab23a79') in 0.015815 seconds 
Number of asset objects unloaded after import = 2
========================================================================
Received Import Request.
  Time since last request: 0.000025 seconds.
  path: Assets/PNG/green_checkmark.png
  artifactKey: Guid(2d9aa5aed59df2740b7e5a8c794aef88) Importer(815301076,1909f56bfc062723c751e8b465ee728b)
Number of updated assets reloaded before import = 0
Start importing Assets/PNG/green_checkmark.png using Guid(2d9aa5aed59df2740b7e5a8c794aef88) Importer(815301076,1909f56bfc062723c751e8b465ee728b)  -> (artifact id: '8261fdcc6c35f96ce0937e5a512d6bd4') in 0.015845 seconds 
Number of asset objects unloaded after import = 2
Editor requested this worker to shutdown with reason: Scaling down because of idle timeout
AssetImportWorker is now disconnected from the server
Process exiting
Exiting without the bug reporter. Application will terminate with return code 0