Using pre-set license
Built from '2021.3/staging' branch; Version is '2021.3.30f1 (b4360d7cdac4) revision 11810317'; Using compiler version '192829333'; Build Type 'Release'
OS: 'Windows 10  (10.0.19045) 64bit Professional' Language: 'ru' Physical Memory: 16315 MB
BatchMode: 1, IsHumanControllingUs: 0, StartBugReporterOnCrash: 0, Is64bit: 1, IsPro: 1

COMMAND LINE ARGUMENTS:
H:\Unity\2021.3.30f1\Editor\Unity.exe
-adb2
-batchMode
-noUpm
-name
AssetImportWorker4
-projectPath
H:/Unity/My project
-logFile
Logs/AssetImportWorker4.log
-srvPort
51442
Successfully changed project path to: H:/Unity/My project
H:/Unity/My project
[UnityMemory] Configuration Parameters - Can be set up in boot.config
    "memorysetup-bucket-allocator-granularity=16"
    "memorysetup-bucket-allocator-bucket-count=8"
    "memorysetup-bucket-allocator-block-size=33554432"
    "memorysetup-bucket-allocator-block-count=8"
    "memorysetup-main-allocator-block-size=16777216"
    "memorysetup-thread-allocator-block-size=16777216"
    "memorysetup-gfx-main-allocator-block-size=16777216"
    "memorysetup-gfx-thread-allocator-block-size=16777216"
    "memorysetup-cache-allocator-block-size=4194304"
    "memorysetup-typetree-allocator-block-size=2097152"
    "memorysetup-profiler-bucket-allocator-granularity=16"
    "memorysetup-profiler-bucket-allocator-bucket-count=8"
    "memorysetup-profiler-bucket-allocator-block-size=33554432"
    "memorysetup-profiler-bucket-allocator-block-count=8"
    "memorysetup-profiler-allocator-block-size=16777216"
    "memorysetup-profiler-editor-allocator-block-size=1048576"
    "memorysetup-temp-allocator-size-main=16777216"
    "memorysetup-job-temp-allocator-block-size=2097152"
    "memorysetup-job-temp-allocator-block-size-background=1048576"
    "memorysetup-job-temp-allocator-reduction-small-platforms=262144"
    "memorysetup-temp-allocator-size-background-worker=32768"
    "memorysetup-temp-allocator-size-job-worker=262144"
    "memorysetup-temp-allocator-size-preload-manager=33554432"
    "memorysetup-temp-allocator-size-nav-mesh-worker=65536"
    "memorysetup-temp-allocator-size-audio-worker=65536"
    "memorysetup-temp-allocator-size-cloud-worker=32768"
    "memorysetup-temp-allocator-size-gi-baking-worker=262144"
    "memorysetup-temp-allocator-size-gfx=262144"
Player connection [7704] Host "[IP] 192.168.0.131 [Port] 0 [Flags] 2 [Guid] 3181805314 [EditorId] 3181805314 [Version] 1048832 [Id] WindowsEditor(7,DESKTOP-Q1P8R86) [Debug] 1 [PackageName] WindowsEditor [ProjectName] Editor" joined multi-casting on [225.0.0.222:54997]...

Player connection [7704] Host "[IP] 192.168.0.131 [Port] 0 [Flags] 2 [Guid] 3181805314 [EditorId] 3181805314 [Version] 1048832 [Id] WindowsEditor(7,DESKTOP-Q1P8R86) [Debug] 1 [PackageName] WindowsEditor [ProjectName] Editor" joined alternative multi-casting on [225.0.0.222:34997]...

[Physics::Module] Initialized MultithreadedJobDispatcher with {0} workers.
Refreshing native plugins compatible for Editor in 72.62 ms, found 3 plugins.
Preloading 0 native plugins for Editor in 0.00 ms.
Initialize engine version: 2021.3.30f1 (b4360d7cdac4)
[Subsystems] Discovering subsystems at path H:/Unity/2021.3.30f1/Editor/Data/Resources/UnitySubsystems
[Subsystems] Discovering subsystems at path H:/Unity/My project/Assets
GfxDevice: creating device client; threaded=0; jobified=0
Direct3D:
    Version:  Direct3D 11.0 [level 11.1]
    Renderer: NVIDIA GeForce GT 1030 (ID=0x1d01)
    Vendor:   NVIDIA
    VRAM:     1981 MB
    Driver:   31.0.15.3623
Initialize mono
Mono path[0] = 'H:/Unity/2021.3.30f1/Editor/Data/Managed'
Mono path[1] = 'H:/Unity/2021.3.30f1/Editor/Data/MonoBleedingEdge/lib/mono/unityjit-win32'
Mono config path = 'H:/Unity/2021.3.30f1/Editor/Data/MonoBleedingEdge/etc'
Using monoOptions --debugger-agent=transport=dt_socket,embedding=1,server=y,suspend=n,address=127.0.0.1:56296
Begin MonoManager ReloadAssembly
Registering precompiled unity dll's ...
Register platform support module: H:/Unity/2021.3.30f1/Editor/Data/PlaybackEngines/WindowsStandaloneSupport/UnityEditor.WindowsStandalone.Extensions.dll
Registered in 0.002352 seconds.
Native extension for WindowsStandalone target not found
Refreshing native plugins compatible for Editor in 63.43 ms, found 3 plugins.
Preloading 0 native plugins for Editor in 0.00 ms.
Mono: successfully reloaded assembly
- Completed reload, in  0.523 seconds
Domain Reload Profiling:
	ReloadAssembly (523ms)
		BeginReloadAssembly (82ms)
			ExecutionOrderSort (0ms)
			DisableScriptedObjects (0ms)
			BackupInstance (0ms)
			ReleaseScriptingObjects (0ms)
			CreateAndSetChildDomain (1ms)
		EndReloadAssembly (362ms)
			LoadAssemblies (81ms)
			RebuildTransferFunctionScriptingTraits (0ms)
			SetupTypeCache (90ms)
			ReleaseScriptCaches (0ms)
			RebuildScriptCaches (25ms)
			SetupLoadedEditorAssemblies (216ms)
				LogAssemblyErrors (0ms)
				InitializePlatformSupportModulesInManaged (6ms)
				SetLoadedEditorAssemblies (0ms)
				RefreshPlugins (64ms)
				BeforeProcessingInitializeOnLoad (1ms)
				ProcessInitializeOnLoadAttributes (103ms)
				ProcessInitializeOnLoadMethodAttributes (42ms)
				AfterProcessingInitializeOnLoad (0ms)
				EditorAssembliesLoaded (0ms)
			ExecutionOrderSort2 (0ms)
			AwakeInstancesAfterBackupRestoration (0ms)
Platform modules already initialized, skipping
Registering precompiled user dll's ...
Registered in 0.003049 seconds.
Begin MonoManager ReloadAssembly
Native extension for WindowsStandalone target not found
Refreshing native plugins compatible for Editor in 0.58 ms, found 3 plugins.
Preloading 0 native plugins for Editor in 0.00 ms.
Package Manager log level set to [2]
[Package Manager] Server::EnsureServerProcessIsRunning -- launch failed, reason: Unity was launched with the -noUpm command-line argument
[Package Manager] Cannot connect to Unity Package Manager local server
Mono: successfully reloaded assembly
- Completed reload, in  1.204 seconds
Domain Reload Profiling:
	ReloadAssembly (1205ms)
		BeginReloadAssembly (112ms)
			ExecutionOrderSort (0ms)
			DisableScriptedObjects (5ms)
			BackupInstance (0ms)
			ReleaseScriptingObjects (0ms)
			CreateAndSetChildDomain (20ms)
		EndReloadAssembly (1006ms)
			LoadAssemblies (80ms)
			RebuildTransferFunctionScriptingTraits (0ms)
			SetupTypeCache (235ms)
			ReleaseScriptCaches (1ms)
			RebuildScriptCaches (40ms)
			SetupLoadedEditorAssemblies (645ms)
				LogAssemblyErrors (0ms)
				InitializePlatformSupportModulesInManaged (4ms)
				SetLoadedEditorAssemblies (0ms)
				RefreshPlugins (1ms)
				BeforeProcessingInitializeOnLoad (65ms)
				ProcessInitializeOnLoadAttributes (553ms)
				ProcessInitializeOnLoadMethodAttributes (19ms)
				AfterProcessingInitializeOnLoad (4ms)
				EditorAssembliesLoaded (0ms)
			ExecutionOrderSort2 (0ms)
			AwakeInstancesAfterBackupRestoration (6ms)
Platform modules already initialized, skipping
========================================================================
Worker process is ready to serve import requests
Launched and connected shader compiler UnityShaderCompiler.exe after 0.04 seconds
Refreshing native plugins compatible for Editor in 0.64 ms, found 3 plugins.
Preloading 0 native plugins for Editor in 0.00 ms.
Unloading 3054 Unused Serialized files (Serialized files now loaded: 0)
Unloading 22 unused Assets / (46.4 KB). Loaded Objects now: 3517.
Memory consumption went from 108.0 MB to 108.0 MB.
Total: 2.756600 ms (FindLiveObjects: 0.322100 ms CreateObjectMapping: 0.074400 ms MarkObjects: 2.289500 ms  DeleteObjects: 0.069600 ms)

AssetImportParameters requested are different than current active one (requested -> active):
  custom:video-decoder-ogg-theora: a1e56fd34408186e4bbccfd4996cb3dc -> 
  custom:container-muxer-webm: aa71ff27fc2769a1b78a27578f13a17b -> 
  custom:container-demuxer-webm: 4f35f7cbe854078d1ac9338744f61a02 -> 
  custom:video-encoder-webm-vp8: eb34c28f22e8b96e1ab97ce403110664 -> 
  custom:CustomObjectIndexerAttribute: bc11b3a6c3213fcdd17b65e7da85e133 -> 
  custom:audio-encoder-webm-vorbis: bf7c407c2cedff20999df2af8eb42d56 -> 
  custom:framework-win-MediaFoundation: 216162199b28c13a410421893ffa2e32 -> 
  custom:SearchIndexIgnoredProperties: e643bd26f0fe6173181afceb89e7c659 -> 
  custom:container-demuxer-ogg: 62fdf1f143b41e24485cea50d1cbac27 -> 
  custom:video-decoder-webm-vp8: 9c59270c3fd7afecdb556c50c9e8de78 -> 
  custom:audio-decoder-ogg-vorbis: bf7c407c2cedff20999df2af8eb42d56 -> 
========================================================================
Received Import Request.
  Time since last request: 222802.569552 seconds.
  path: Assets/UISprites/blue_tick.png
  artifactKey: Guid(a01ce71e7cb02b84ea112859eefd0500) Importer(815301076,1909f56bfc062723c751e8b465ee728b)
Number of updated assets reloaded before import = 0
Start importing Assets/UISprites/blue_tick.png using Guid(a01ce71e7cb02b84ea112859eefd0500) Importer(815301076,1909f56bfc062723c751e8b465ee728b)  -> (artifact id: 'bb68c60767b1af9583ce794a69ca4c87') in 0.103051 seconds 
Number of asset objects unloaded after import = 3
========================================================================
Received Import Request.
  Time since last request: 2.378742 seconds.
  path: Assets/UISprites/green_button03.png
  artifactKey: Guid(ec0fd07ce58e66a4cb115892f64417b2) Importer(815301076,1909f56bfc062723c751e8b465ee728b)
Number of updated assets reloaded before import = 0
Start importing Assets/UISprites/green_button03.png using Guid(ec0fd07ce58e66a4cb115892f64417b2) Importer(815301076,1909f56bfc062723c751e8b465ee728b)  -> (artifact id: '1b8bc78161a3299b08318c88f8483fcb') in 0.018568 seconds 
Number of asset objects unloaded after import = 3
========================================================================
Received Import Request.
  Time since last request: 0.000019 seconds.
  path: Assets/UISprites/green_button06.png
  artifactKey: Guid(da62538b64201ed41b842da295ce66b6) Importer(815301076,1909f56bfc062723c751e8b465ee728b)
Number of updated assets reloaded before import = 0
Start importing Assets/UISprites/green_button06.png using Guid(da62538b64201ed41b842da295ce66b6) Importer(815301076,1909f56bfc062723c751e8b465ee728b)  -> (artifact id: '02024c3000f634ab494f300a9e864528') in 0.014884 seconds 
Number of asset objects unloaded after import = 3
========================================================================
Received Import Request.
  Time since last request: 254.503124 seconds.
  path: Assets/UISprites/green_button08.png
  artifactKey: Guid(28cd290eb5904e0449563d505f64458e) Importer(815301076,1909f56bfc062723c751e8b465ee728b)
Number of updated assets reloaded before import = 0
Start importing Assets/UISprites/green_button08.png using Guid(28cd290eb5904e0449563d505f64458e) Importer(815301076,1909f56bfc062723c751e8b465ee728b)  -> (artifact id: 'dc83cdd776a41d29f690f4926e0c1ccc') in 0.018384 seconds 
Number of asset objects unloaded after import = 3
========================================================================
Received Import Request.
  Time since last request: 0.000017 seconds.
  path: Assets/UISprites/green_button10.png
  artifactKey: Guid(05b71704aac48bf4694aee5af659e32f) Importer(815301076,1909f56bfc062723c751e8b465ee728b)
Number of updated assets reloaded before import = 0
Start importing Assets/UISprites/green_button10.png using Guid(05b71704aac48bf4694aee5af659e32f) Importer(815301076,1909f56bfc062723c751e8b465ee728b)  -> (artifact id: '4720b106a08a35a7e0caa5e95556fbf6') in 0.016733 seconds 
Number of asset objects unloaded after import = 3
========================================================================
Received Import Request.
  Time since last request: 0.615037 seconds.
  path: Assets/UISprites/green_button13.png
  artifactKey: Guid(a53ce3a09c734e247be1a9bce1146124) Importer(815301076,1909f56bfc062723c751e8b465ee728b)
Number of updated assets reloaded before import = 0
Start importing Assets/UISprites/green_button13.png using Guid(a53ce3a09c734e247be1a9bce1146124) Importer(815301076,1909f56bfc062723c751e8b465ee728b)  -> (artifact id: 'ee48df0494d7dccaf56767ed603377b5') in 0.016590 seconds 
Number of asset objects unloaded after import = 3
========================================================================
Received Import Request.
  Time since last request: 0.000019 seconds.
  path: Assets/UISprites/green_sliderLeft.png
  artifactKey: Guid(781d8adeee0e58846a1589d703ea15b9) Importer(815301076,1909f56bfc062723c751e8b465ee728b)
Number of updated assets reloaded before import = 0
Start importing Assets/UISprites/green_sliderLeft.png using Guid(781d8adeee0e58846a1589d703ea15b9) Importer(815301076,1909f56bfc062723c751e8b465ee728b)  -> (artifact id: 'e6c4a61fe0b83179a81b67b0ed377e81') in 0.018863 seconds 
Number of asset objects unloaded after import = 3
========================================================================
Received Import Request.
  Time since last request: 0.000016 seconds.
  path: Assets/UISprites/green_sliderUp.png
  artifactKey: Guid(f1d73befecfc8d343a5b7acd0712f98d) Importer(815301076,1909f56bfc062723c751e8b465ee728b)
Number of updated assets reloaded before import = 0
Start importing Assets/UISprites/green_sliderUp.png using Guid(f1d73befecfc8d343a5b7acd0712f98d) Importer(815301076,1909f56bfc062723c751e8b465ee728b)  -> (artifact id: '718354bc96b8ab66412f9eb883d0e15b') in 0.016295 seconds 
Number of asset objects unloaded after import = 3
========================================================================
Received Import Request.
  Time since last request: 0.000017 seconds.
  path: Assets/UISprites/green_sliderDown.png
  artifactKey: Guid(e53b31aee462d944ba3eb78ffeb8ca11) Importer(815301076,1909f56bfc062723c751e8b465ee728b)
Number of updated assets reloaded before import = 0
Start importing Assets/UISprites/green_sliderDown.png using Guid(e53b31aee462d944ba3eb78ffeb8ca11) Importer(815301076,1909f56bfc062723c751e8b465ee728b)  -> (artifact id: '7b1878d893c8ff34d1b5be38d08679a7') in 0.017109 seconds 
Number of asset objects unloaded after import = 3
========================================================================
Received Import Request.
  Time since last request: 0.000023 seconds.
  path: Assets/UISprites/green_circle.png
  artifactKey: Guid(7bda25c2b92212442a00b460f42b56d7) Importer(815301076,1909f56bfc062723c751e8b465ee728b)
Number of updated assets reloaded before import = 0
Start importing Assets/UISprites/green_circle.png using Guid(7bda25c2b92212442a00b460f42b56d7) Importer(815301076,1909f56bfc062723c751e8b465ee728b)  -> (artifact id: 'e63fae4495e996f23fffa53ae650c3ea') in 0.018925 seconds 
Number of asset objects unloaded after import = 3
========================================================================
Received Import Request.
  Time since last request: 0.004602 seconds.
  path: Assets/UISprites/grey_arrowDownGrey.png
  artifactKey: Guid(7bcb9525d7a0fa640971dc86ca3af485) Importer(815301076,1909f56bfc062723c751e8b465ee728b)
Number of updated assets reloaded before import = 0
Start importing Assets/UISprites/grey_arrowDownGrey.png using Guid(7bcb9525d7a0fa640971dc86ca3af485) Importer(815301076,1909f56bfc062723c751e8b465ee728b)  -> (artifact id: '66b912a5de6bbb77f3a602fb8e0cb9c5') in 0.017157 seconds 
Number of asset objects unloaded after import = 3
========================================================================
Received Import Request.
  Time since last request: 0.000017 seconds.
  path: Assets/UISprites/grey_box.png
  artifactKey: Guid(7f50358c35b5b7f4fb5c94cd3af56b95) Importer(815301076,1909f56bfc062723c751e8b465ee728b)
Number of updated assets reloaded before import = 0
Start importing Assets/UISprites/grey_box.png using Guid(7f50358c35b5b7f4fb5c94cd3af56b95) Importer(815301076,1909f56bfc062723c751e8b465ee728b)  -> (artifact id: '7c5e924ffe64f28c2501b3533291eee6') in 0.014713 seconds 
Number of asset objects unloaded after import = 3
========================================================================
Received Import Request.
  Time since last request: 0.000027 seconds.
  path: Assets/UISprites/grey_arrowUpWhite.png
  artifactKey: Guid(7039d27203d1c034d8d294803cd352e2) Importer(815301076,1909f56bfc062723c751e8b465ee728b)
Number of updated assets reloaded before import = 0
Start importing Assets/UISprites/grey_arrowUpWhite.png using Guid(7039d27203d1c034d8d294803cd352e2) Importer(815301076,1909f56bfc062723c751e8b465ee728b)  -> (artifact id: '3415459a3561032bbb566f2b94d47d00') in 0.014051 seconds 
Number of asset objects unloaded after import = 3
========================================================================
Received Import Request.
  Time since last request: 5.730185 seconds.
  path: Assets/UISprites/grey_boxCheckmark.png
  artifactKey: Guid(8282c1b7442feda4c83fe94bfeac1e2f) Importer(815301076,1909f56bfc062723c751e8b465ee728b)
Number of updated assets reloaded before import = 0
Start importing Assets/UISprites/grey_boxCheckmark.png using Guid(8282c1b7442feda4c83fe94bfeac1e2f) Importer(815301076,1909f56bfc062723c751e8b465ee728b)  -> (artifact id: '28d3759cd2356a57c0ca9cc4012051bc') in 0.017199 seconds 
Number of asset objects unloaded after import = 3
========================================================================
Received Import Request.
  Time since last request: 0.000020 seconds.
  path: Assets/UISprites/grey_button00.png
  artifactKey: Guid(14e997f71a0dd0b4cb37eae802d6c6c8) Importer(815301076,1909f56bfc062723c751e8b465ee728b)
Number of updated assets reloaded before import = 0
Start importing Assets/UISprites/grey_button00.png using Guid(14e997f71a0dd0b4cb37eae802d6c6c8) Importer(815301076,1909f56bfc062723c751e8b465ee728b)  -> (artifact id: '191927315b048175435785644f8839af') in 0.019412 seconds 
Number of asset objects unloaded after import = 3
========================================================================
Received Import Request.
  Time since last request: 0.000015 seconds.
  path: Assets/UISprites/grey_button02.png
  artifactKey: Guid(01bb4678a97a33048a9848ebc9fbe303) Importer(815301076,1909f56bfc062723c751e8b465ee728b)
Number of updated assets reloaded before import = 0
Start importing Assets/UISprites/grey_button02.png using Guid(01bb4678a97a33048a9848ebc9fbe303) Importer(815301076,1909f56bfc062723c751e8b465ee728b)  -> (artifact id: '2bbbbc611fb2ab0bc3e6d7609cfbbad5') in 0.018943 seconds 
Number of asset objects unloaded after import = 3
========================================================================
Received Import Request.
  Time since last request: 0.000025 seconds.
  path: Assets/UISprites/grey_button06.png
  artifactKey: Guid(2714fa8054dea1f41919b2c6d9a6f4a2) Importer(815301076,1909f56bfc062723c751e8b465ee728b)
Number of updated assets reloaded before import = 0
Start importing Assets/UISprites/grey_button06.png using Guid(2714fa8054dea1f41919b2c6d9a6f4a2) Importer(815301076,1909f56bfc062723c751e8b465ee728b)  -> (artifact id: '43533fde50e5554ad58b81513820a7de') in 0.020213 seconds 
Number of asset objects unloaded after import = 3
========================================================================
Received Import Request.
  Time since last request: 0.000019 seconds.
  path: Assets/UISprites/grey_button04.png
  artifactKey: Guid(2d2015ba2e8e59b47878f865f447bdc3) Importer(815301076,1909f56bfc062723c751e8b465ee728b)
Number of updated assets reloaded before import = 0
Start importing Assets/UISprites/grey_button04.png using Guid(2d2015ba2e8e59b47878f865f447bdc3) Importer(815301076,1909f56bfc062723c751e8b465ee728b)  -> (artifact id: '8bdde2a357c142dc53e4845b25ef2593') in 0.016174 seconds 
Number of asset objects unloaded after import = 3
========================================================================
Received Import Request.
  Time since last request: 0.280393 seconds.
  path: Assets/UISprites/grey_button07.png
  artifactKey: Guid(2453a604abff930449c7656ef7daa5f6) Importer(815301076,1909f56bfc062723c751e8b465ee728b)
Number of updated assets reloaded before import = 0
Start importing Assets/UISprites/grey_button07.png using Guid(2453a604abff930449c7656ef7daa5f6) Importer(815301076,1909f56bfc062723c751e8b465ee728b)  -> (artifact id: 'f8f57ddccea9afc057cd2496a18f36e5') in 0.017149 seconds 
Number of asset objects unloaded after import = 3
========================================================================
Received Import Request.
  Time since last request: 0.000019 seconds.
  path: Assets/UISprites/grey_button10.png
  artifactKey: Guid(50bf10ff530a9be4f952bf0f51d1c520) Importer(815301076,1909f56bfc062723c751e8b465ee728b)
Number of updated assets reloaded before import = 0
Start importing Assets/UISprites/grey_button10.png using Guid(50bf10ff530a9be4f952bf0f51d1c520) Importer(815301076,1909f56bfc062723c751e8b465ee728b)  -> (artifact id: 'e67eb30251ca9b25d3b6fdb8c291851d') in 0.050949 seconds 
Number of asset objects unloaded after import = 3
========================================================================
Received Import Request.
  Time since last request: 0.000024 seconds.
  path: Assets/UISprites/grey_button14.png
  artifactKey: Guid(118415769fe18e74e8cad7b502b96ce9) Importer(815301076,1909f56bfc062723c751e8b465ee728b)
Number of updated assets reloaded before import = 0
Start importing Assets/UISprites/grey_button14.png using Guid(118415769fe18e74e8cad7b502b96ce9) Importer(815301076,1909f56bfc062723c751e8b465ee728b)  -> (artifact id: '6267eb12fa3bea365290e2dd373e3e18') in 0.018095 seconds 
Number of asset objects unloaded after import = 3
========================================================================
Received Import Request.
  Time since last request: 0.392443 seconds.
  path: Assets/UISprites/grey_checkmarkWhite.png
  artifactKey: Guid(a633cf6f762649743abc979eee2ce7ba) Importer(815301076,1909f56bfc062723c751e8b465ee728b)
Number of updated assets reloaded before import = 0
Start importing Assets/UISprites/grey_checkmarkWhite.png using Guid(a633cf6f762649743abc979eee2ce7ba) Importer(815301076,1909f56bfc062723c751e8b465ee728b)  -> (artifact id: 'a2c9ff948a7b6f5016a7660f0f960045') in 0.016813 seconds 
Number of asset objects unloaded after import = 3
========================================================================
Received Import Request.
  Time since last request: 0.000020 seconds.
  path: Assets/UISprites/grey_crossWhite.png
  artifactKey: Guid(19d10e19ba442874b818036d1b5ce5ae) Importer(815301076,1909f56bfc062723c751e8b465ee728b)
Number of updated assets reloaded before import = 0
Start importing Assets/UISprites/grey_crossWhite.png using Guid(19d10e19ba442874b818036d1b5ce5ae) Importer(815301076,1909f56bfc062723c751e8b465ee728b)  -> (artifact id: '7173c051206ecbeac0c4f7ad70e2cb19') in 0.017624 seconds 
Number of asset objects unloaded after import = 3
========================================================================
Received Import Request.
  Time since last request: 0.000033 seconds.
  path: Assets/UISprites/grey_sliderRight.png
  artifactKey: Guid(ab38defdcee33114296b0596080d9a4c) Importer(815301076,1909f56bfc062723c751e8b465ee728b)
Number of updated assets reloaded before import = 0
Start importing Assets/UISprites/grey_sliderRight.png using Guid(ab38defdcee33114296b0596080d9a4c) Importer(815301076,1909f56bfc062723c751e8b465ee728b)  -> (artifact id: '39efc2781b2429cbfdda5ddc879fcc66') in 0.017539 seconds 
Number of asset objects unloaded after import = 3
========================================================================
Received Import Request.
  Time since last request: 0.000017 seconds.
  path: Assets/UISprites/grey_sliderHorizontal.png
  artifactKey: Guid(ce7ea0a8445775f4a8556f481eaec9ff) Importer(815301076,1909f56bfc062723c751e8b465ee728b)
Number of updated assets reloaded before import = 0
Start importing Assets/UISprites/grey_sliderHorizontal.png using Guid(ce7ea0a8445775f4a8556f481eaec9ff) Importer(815301076,1909f56bfc062723c751e8b465ee728b)  -> (artifact id: 'bb557c2836fb137f9b4090c49512589c') in 0.016316 seconds 
Number of asset objects unloaded after import = 3
========================================================================
Received Import Request.
  Time since last request: 0.788551 seconds.
  path: Assets/UISprites/grey_sliderUp.png
  artifactKey: Guid(76e87b7d49b4ba84b88c7abb4bd8aabb) Importer(815301076,1909f56bfc062723c751e8b465ee728b)
Number of updated assets reloaded before import = 0
Start importing Assets/UISprites/grey_sliderUp.png using Guid(76e87b7d49b4ba84b88c7abb4bd8aabb) Importer(815301076,1909f56bfc062723c751e8b465ee728b)  -> (artifact id: '6ea4fbe9153679916164b1c11f139a2d') in 0.017046 seconds 
Number of asset objects unloaded after import = 3
========================================================================
Received Import Request.
  Time since last request: 0.017559 seconds.
  path: Assets/UISprites/red_boxCross.png
  artifactKey: Guid(993baa2ebd94c514e935d227908150ca) Importer(815301076,1909f56bfc062723c751e8b465ee728b)
Number of updated assets reloaded before import = 0
Start importing Assets/UISprites/red_boxCross.png using Guid(993baa2ebd94c514e935d227908150ca) Importer(815301076,1909f56bfc062723c751e8b465ee728b)  -> (artifact id: 'd992f89ef029767a7e31a0e2a4b0dd7c') in 0.017986 seconds 
Number of asset objects unloaded after import = 3
========================================================================
Received Import Request.
  Time since last request: 0.000020 seconds.
  path: Assets/UISprites/red_button01.png
  artifactKey: Guid(f5400001bbd3ffb46a1a1429cb0a0414) Importer(815301076,1909f56bfc062723c751e8b465ee728b)
Number of updated assets reloaded before import = 0
Start importing Assets/UISprites/red_button01.png using Guid(f5400001bbd3ffb46a1a1429cb0a0414) Importer(815301076,1909f56bfc062723c751e8b465ee728b)  -> (artifact id: 'b4d71f99aee386064ff23f1ca73857de') in 0.019394 seconds 
Number of asset objects unloaded after import = 3
========================================================================
Received Import Request.
  Time since last request: 0.000021 seconds.
  path: Assets/UISprites/red_button05.png
  artifactKey: Guid(957aa7ba83bc5c1429e1de1b9ae5b0b9) Importer(815301076,1909f56bfc062723c751e8b465ee728b)
Number of updated assets reloaded before import = 0
Start importing Assets/UISprites/red_button05.png using Guid(957aa7ba83bc5c1429e1de1b9ae5b0b9) Importer(815301076,1909f56bfc062723c751e8b465ee728b)  -> (artifact id: '34820db21e444b94b4e06e036a7972ce') in 0.019039 seconds 
Number of asset objects unloaded after import = 3
========================================================================
Received Import Request.
  Time since last request: 0.000017 seconds.
  path: Assets/UISprites/red_button06.png
  artifactKey: Guid(99bbfd806a3208147a4068d52d1a6fe4) Importer(815301076,1909f56bfc062723c751e8b465ee728b)
Number of updated assets reloaded before import = 0
Start importing Assets/UISprites/red_button06.png using Guid(99bbfd806a3208147a4068d52d1a6fe4) Importer(815301076,1909f56bfc062723c751e8b465ee728b)  -> (artifact id: '682a3df3eeca83e62bba6f8ebbdd98a9') in 0.040889 seconds 
Number of asset objects unloaded after import = 3
========================================================================
Received Import Request.
  Time since last request: 0.291730 seconds.
  path: Assets/UISprites/red_button08.png
  artifactKey: Guid(357f97a7ca1929349877b79a5d582646) Importer(815301076,1909f56bfc062723c751e8b465ee728b)
Number of updated assets reloaded before import = 0
Start importing Assets/UISprites/red_button08.png using Guid(357f97a7ca1929349877b79a5d582646) Importer(815301076,1909f56bfc062723c751e8b465ee728b)  -> (artifact id: '17e0c0673868fee717bb70a52fa188cf') in 0.016917 seconds 
Number of asset objects unloaded after import = 3
========================================================================
Received Import Request.
  Time since last request: 0.000018 seconds.
  path: Assets/UISprites/red_button11.png
  artifactKey: Guid(bd7ffe7fc3dba2849bf649793c6615ea) Importer(815301076,1909f56bfc062723c751e8b465ee728b)
Number of updated assets reloaded before import = 0
Start importing Assets/UISprites/red_button11.png using Guid(bd7ffe7fc3dba2849bf649793c6615ea) Importer(815301076,1909f56bfc062723c751e8b465ee728b)  -> (artifact id: '082c6882bdc32d573a9952d92f8de929') in 0.017133 seconds 
Number of asset objects unloaded after import = 3
========================================================================
Received Import Request.
  Time since last request: 0.310880 seconds.
  path: Assets/UISprites/red_button13.png
  artifactKey: Guid(6da8dfcacee6651449fe84bb6ee66582) Importer(815301076,1909f56bfc062723c751e8b465ee728b)
Number of updated assets reloaded before import = 0
Start importing Assets/UISprites/red_button13.png using Guid(6da8dfcacee6651449fe84bb6ee66582) Importer(815301076,1909f56bfc062723c751e8b465ee728b)  -> (artifact id: '8be1e5f640f934fb2e7eac40efa6831a') in 0.016712 seconds 
Number of asset objects unloaded after import = 3
========================================================================
Received Import Request.
  Time since last request: 0.000016 seconds.
  path: Assets/UISprites/red_panel.png
  artifactKey: Guid(8ac01d008e329234e8c2ec9af5913d1c) Importer(815301076,1909f56bfc062723c751e8b465ee728b)
Number of updated assets reloaded before import = 0
Start importing Assets/UISprites/red_panel.png using Guid(8ac01d008e329234e8c2ec9af5913d1c) Importer(815301076,1909f56bfc062723c751e8b465ee728b)  -> (artifact id: 'cfa752bd99e9d8c4d74187ff51286987') in 0.017564 seconds 
Number of asset objects unloaded after import = 3
========================================================================
Received Import Request.
  Time since last request: 0.013144 seconds.
  path: Assets/UISprites/red_sliderDown.png
  artifactKey: Guid(7f006ba7f092ab747a13c9062d0c1e52) Importer(815301076,1909f56bfc062723c751e8b465ee728b)
Number of updated assets reloaded before import = 0
Start importing Assets/UISprites/red_sliderDown.png using Guid(7f006ba7f092ab747a13c9062d0c1e52) Importer(815301076,1909f56bfc062723c751e8b465ee728b)  -> (artifact id: '0fa470908e2a16ba0927035e3ea72231') in 0.016872 seconds 
Number of asset objects unloaded after import = 3
========================================================================
Received Import Request.
  Time since last request: 0.000013 seconds.
  path: Assets/UISprites/red_sliderUp.png
  artifactKey: Guid(524db316b8804c047b3dafaa2d8b9cf7) Importer(815301076,1909f56bfc062723c751e8b465ee728b)
Number of updated assets reloaded before import = 0
Start importing Assets/UISprites/red_sliderUp.png using Guid(524db316b8804c047b3dafaa2d8b9cf7) Importer(815301076,1909f56bfc062723c751e8b465ee728b)  -> (artifact id: 'ad6b2ba15fe5cb7ccc5ce722958bc10a') in 0.018048 seconds 
Number of asset objects unloaded after import = 3
========================================================================
Received Import Request.
  Time since last request: 0.000016 seconds.
  path: Assets/UISprites/yellow_boxTick.png
  artifactKey: Guid(ea584a365a7b1ee4a8e95f46f392f2a6) Importer(815301076,1909f56bfc062723c751e8b465ee728b)
Number of updated assets reloaded before import = 0
Start importing Assets/UISprites/yellow_boxTick.png using Guid(ea584a365a7b1ee4a8e95f46f392f2a6) Importer(815301076,1909f56bfc062723c751e8b465ee728b)  -> (artifact id: 'b1f10eec48c3382c67f066ccf4c98c1b') in 0.018074 seconds 
Number of asset objects unloaded after import = 3
========================================================================
Received Import Request.
  Time since last request: 0.000021 seconds.
  path: Assets/UISprites/yellow_button01.png
  artifactKey: Guid(bd394f6f7f6888f4b9d7fed211d582e6) Importer(815301076,1909f56bfc062723c751e8b465ee728b)
Number of updated assets reloaded before import = 0
Start importing Assets/UISprites/yellow_button01.png using Guid(bd394f6f7f6888f4b9d7fed211d582e6) Importer(815301076,1909f56bfc062723c751e8b465ee728b)  -> (artifact id: '25d69b9b46a36f2587545ba7a9b2b811') in 0.014776 seconds 
Number of asset objects unloaded after import = 3
========================================================================
Received Import Request.
  Time since last request: 0.251673 seconds.
  path: Assets/UISprites/yellow_button02.png
  artifactKey: Guid(619e3e919a795d043907450d975324c4) Importer(815301076,1909f56bfc062723c751e8b465ee728b)
Number of updated assets reloaded before import = 0
Start importing Assets/UISprites/yellow_button02.png using Guid(619e3e919a795d043907450d975324c4) Importer(815301076,1909f56bfc062723c751e8b465ee728b)  -> (artifact id: '3f1a54244a13069c5761b7d0347152e5') in 0.017971 seconds 
Number of asset objects unloaded after import = 3
========================================================================
Received Import Request.
  Time since last request: 0.000019 seconds.
  path: Assets/UISprites/yellow_button06.png
  artifactKey: Guid(f6dbf31ba84c604488f7837f9cb0a861) Importer(815301076,1909f56bfc062723c751e8b465ee728b)
Number of updated assets reloaded before import = 0
Start importing Assets/UISprites/yellow_button06.png using Guid(f6dbf31ba84c604488f7837f9cb0a861) Importer(815301076,1909f56bfc062723c751e8b465ee728b)  -> (artifact id: '314beb3a7a5b4d0d6c9b457ad0076473') in 0.016948 seconds 
Number of asset objects unloaded after import = 3
========================================================================
Received Import Request.
  Time since last request: 0.000016 seconds.
  path: Assets/UISprites/yellow_button10.png
  artifactKey: Guid(37562922c3e6c4942ad6905129c098d4) Importer(815301076,1909f56bfc062723c751e8b465ee728b)
Number of updated assets reloaded before import = 0
Start importing Assets/UISprites/yellow_button10.png using Guid(37562922c3e6c4942ad6905129c098d4) Importer(815301076,1909f56bfc062723c751e8b465ee728b)  -> (artifact id: '6574f7da94015b348d694da881387398') in 0.015468 seconds 
Number of asset objects unloaded after import = 3
========================================================================
Received Import Request.
  Time since last request: 0.000016 seconds.
  path: Assets/UISprites/yellow_button09.png
  artifactKey: Guid(944a3e3a26fbf0743abfe8c335aa0565) Importer(815301076,1909f56bfc062723c751e8b465ee728b)
Number of updated assets reloaded before import = 0
Start importing Assets/UISprites/yellow_button09.png using Guid(944a3e3a26fbf0743abfe8c335aa0565) Importer(815301076,1909f56bfc062723c751e8b465ee728b)  -> (artifact id: '42276487d8264de6d16f8dd7154251ec') in 0.018590 seconds 
Number of asset objects unloaded after import = 3
========================================================================
Received Import Request.
  Time since last request: 0.239237 seconds.
  path: Assets/UISprites/yellow_button12.png
  artifactKey: Guid(5aa04874f0f9ed44f9099f87cc2999f6) Importer(815301076,1909f56bfc062723c751e8b465ee728b)
Number of updated assets reloaded before import = 0
Start importing Assets/UISprites/yellow_button12.png using Guid(5aa04874f0f9ed44f9099f87cc2999f6) Importer(815301076,1909f56bfc062723c751e8b465ee728b)  -> (artifact id: '2509c373a9afe681a086a40e88838dcd') in 0.017070 seconds 
Number of asset objects unloaded after import = 3
========================================================================
Received Import Request.
  Time since last request: 0.000017 seconds.
  path: Assets/UISprites/yellow_circle.png
  artifactKey: Guid(d58f2ec4e4925d4468752b11d64d39f4) Importer(815301076,1909f56bfc062723c751e8b465ee728b)
Number of updated assets reloaded before import = 0
Start importing Assets/UISprites/yellow_circle.png using Guid(d58f2ec4e4925d4468752b11d64d39f4) Importer(815301076,1909f56bfc062723c751e8b465ee728b)  -> (artifact id: '51aae72b7f682a927bb162f36dd6a5c4') in 0.018470 seconds 
Number of asset objects unloaded after import = 3
========================================================================
Received Import Request.
  Time since last request: 0.000019 seconds.
  path: Assets/UISprites/yellow_panel.png
  artifactKey: Guid(aff68df6399af214c93df76f01368869) Importer(815301076,1909f56bfc062723c751e8b465ee728b)
Number of updated assets reloaded before import = 0
Start importing Assets/UISprites/yellow_panel.png using Guid(aff68df6399af214c93df76f01368869) Importer(815301076,1909f56bfc062723c751e8b465ee728b)  -> (artifact id: '00bd1079416ddf00108ce11d01bbf5c0') in 0.019721 seconds 
Number of asset objects unloaded after import = 3
========================================================================
Received Import Request.
  Time since last request: 0.253426 seconds.
  path: Assets/UISprites/yellow_tick.png
  artifactKey: Guid(fae6a7147f351154f9f9d06aa833ef9b) Importer(815301076,1909f56bfc062723c751e8b465ee728b)
Number of updated assets reloaded before import = 0
Start importing Assets/UISprites/yellow_tick.png using Guid(fae6a7147f351154f9f9d06aa833ef9b) Importer(815301076,1909f56bfc062723c751e8b465ee728b)  -> (artifact id: 'dfff769b86de37022ccd53892ff2cfb8') in 0.018101 seconds 
Number of asset objects unloaded after import = 3
========================================================================
Received Import Request.
  Time since last request: 867.516379 seconds.
  path: Assets/UISprites/blue_boxCross.png
  artifactKey: Guid(8da5435058e1b364b9fce3a3409ad9d5) Importer(815301076,1909f56bfc062723c751e8b465ee728b)
Number of updated assets reloaded before import = 0
Start importing Assets/UISprites/blue_boxCross.png using Guid(8da5435058e1b364b9fce3a3409ad9d5) Importer(815301076,1909f56bfc062723c751e8b465ee728b)  -> (artifact id: '2322f837808cd64a7491898547c81e2d') in 0.016817 seconds 
Number of asset objects unloaded after import = 3
========================================================================
Received Import Request.
  Time since last request: 426.066370 seconds.
  path: Assets/TextMesh Pro/Resources/Fonts & Materials/LiberationSans SDF.asset
  artifactKey: Guid(8f586378b4e144a9851e7b34d9b748ee) Importer(815301076,1909f56bfc062723c751e8b465ee728b)
Number of updated assets reloaded before import = 0
Start importing Assets/TextMesh Pro/Resources/Fonts & Materials/LiberationSans SDF.asset using Guid(8f586378b4e144a9851e7b34d9b748ee) Importer(815301076,1909f56bfc062723c751e8b465ee728b)  -> (artifact id: '09dbc09bbbb91145909b2132bfe6d5b4') in 0.148707 seconds 
Number of asset objects unloaded after import = 10
========================================================================
Received Import Request.
  Time since last request: 11.753654 seconds.
  path: Assets/TextMesh Pro/Fonts/LiberationSans.ttf
  artifactKey: Guid(e3265ab4bf004d28a9537516768c1c75) Importer(815301076,1909f56bfc062723c751e8b465ee728b)
Number of updated assets reloaded before import = 0
Start importing Assets/TextMesh Pro/Fonts/LiberationSans.ttf using Guid(e3265ab4bf004d28a9537516768c1c75) Importer(815301076,1909f56bfc062723c751e8b465ee728b)  -> (artifact id: 'f3bd036785823e2281556a384dd6489b') in 0.033217 seconds 
Number of asset objects unloaded after import = 4
========================================================================
Received Import Request.
  Time since last request: 0.000019 seconds.
  path: Assets/TextMesh Pro/Resources/Fonts & Materials/LiberationSans SDF - Fallback.asset
  artifactKey: Guid(2e498d1c8094910479dc3e1b768306a4) Importer(815301076,1909f56bfc062723c751e8b465ee728b)
Number of updated assets reloaded before import = 0
Start importing Assets/TextMesh Pro/Resources/Fonts & Materials/LiberationSans SDF - Fallback.asset using Guid(2e498d1c8094910479dc3e1b768306a4) Importer(815301076,1909f56bfc062723c751e8b465ee728b)  -> (artifact id: '2346cebafc3d5690b45a64b2a88994ac') in 0.018197 seconds 
Number of asset objects unloaded after import = 7
========================================================================
Received Import Request.
  Time since last request: 279.526775 seconds.
  path: Assets/TextMesh Pro/Resources/Fonts & Materials
  artifactKey: Guid(731f1baa9d144a9897cb1d341c2092b8) Importer(815301076,1909f56bfc062723c751e8b465ee728b)
Number of updated assets reloaded before import = 0
Start importing Assets/TextMesh Pro/Resources/Fonts & Materials using Guid(731f1baa9d144a9897cb1d341c2092b8) Importer(815301076,1909f56bfc062723c751e8b465ee728b)  -> (artifact id: 'a8a5343dd66316b9eb35bafbffda078a') in 0.010550 seconds 
Number of asset objects unloaded after import = 0
========================================================================
Received Prepare
Registering precompiled user dll's ...
Registered in 0.002774 seconds.
Begin MonoManager ReloadAssembly
Native extension for WindowsStandalone target not found
Refreshing native plugins compatible for Editor in 0.84 ms, found 3 plugins.
Preloading 0 native plugins for Editor in 0.00 ms.
[Package Manager] Server::EnsureServerProcessIsRunning -- launch failed, reason: Unity was launched with the -noUpm command-line argument
[Package Manager] Cannot connect to Unity Package Manager local server
Mono: successfully reloaded assembly
- Completed reload, in  1.196 seconds
Domain Reload Profiling:
	ReloadAssembly (1197ms)
		BeginReloadAssembly (140ms)
			ExecutionOrderSort (0ms)
			DisableScriptedObjects (4ms)
			BackupInstance (0ms)
			ReleaseScriptingObjects (0ms)
			CreateAndSetChildDomain (43ms)
		EndReloadAssembly (983ms)
			LoadAssemblies (81ms)
			RebuildTransferFunctionScriptingTraits (0ms)
			SetupTypeCache (225ms)
			ReleaseScriptCaches (1ms)
			RebuildScriptCaches (44ms)
			SetupLoadedEditorAssemblies (609ms)
				LogAssemblyErrors (0ms)
				InitializePlatformSupportModulesInManaged (4ms)
				SetLoadedEditorAssemblies (0ms)
				RefreshPlugins (1ms)
				BeforeProcessingInitializeOnLoad (54ms)
				ProcessInitializeOnLoadAttributes (531ms)
				ProcessInitializeOnLoadMethodAttributes (16ms)
				AfterProcessingInitializeOnLoad (3ms)
				EditorAssembliesLoaded (0ms)
			ExecutionOrderSort2 (0ms)
			AwakeInstancesAfterBackupRestoration (5ms)
Platform modules already initialized, skipping
Refreshing native plugins compatible for Editor in 0.68 ms, found 3 plugins.
Preloading 0 native plugins for Editor in 0.00 ms.
Unloading 3060 Unused Serialized files (Serialized files now loaded: 0)
Unloading 29 unused Assets / (0.6 MB). Loaded Objects now: 3601.
Memory consumption went from 115.0 MB to 114.3 MB.
Total: 5.115500 ms (FindLiveObjects: 0.349800 ms CreateObjectMapping: 0.239400 ms MarkObjects: 4.205500 ms  DeleteObjects: 0.319500 ms)

AssetImportParameters requested are different than current active one (requested -> active):
  custom:video-decoder-ogg-theora: a1e56fd34408186e4bbccfd4996cb3dc -> 
  custom:container-muxer-webm: aa71ff27fc2769a1b78a27578f13a17b -> 
  custom:container-demuxer-webm: 4f35f7cbe854078d1ac9338744f61a02 -> 
  custom:video-encoder-webm-vp8: eb34c28f22e8b96e1ab97ce403110664 -> 
  custom:CustomObjectIndexerAttribute: bc11b3a6c3213fcdd17b65e7da85e133 -> 
  custom:audio-encoder-webm-vorbis: bf7c407c2cedff20999df2af8eb42d56 -> 
  custom:framework-win-MediaFoundation: 216162199b28c13a410421893ffa2e32 -> 
  custom:SearchIndexIgnoredProperties: e643bd26f0fe6173181afceb89e7c659 -> 
  custom:container-demuxer-ogg: 62fdf1f143b41e24485cea50d1cbac27 -> 
  custom:video-decoder-webm-vp8: 9c59270c3fd7afecdb556c50c9e8de78 -> 
  custom:audio-decoder-ogg-vorbis: bf7c407c2cedff20999df2af8eb42d56 -> 
========================================================================
Received Prepare
Registering precompiled user dll's ...
Registered in 0.004081 seconds.
Begin MonoManager ReloadAssembly
Native extension for WindowsStandalone target not found
Refreshing native plugins compatible for Editor in 0.63 ms, found 3 plugins.
Preloading 0 native plugins for Editor in 0.00 ms.
[Package Manager] Server::EnsureServerProcessIsRunning -- launch failed, reason: Unity was launched with the -noUpm command-line argument
[Package Manager] Cannot connect to Unity Package Manager local server
Mono: successfully reloaded assembly
- Completed reload, in  1.172 seconds
Domain Reload Profiling:
	ReloadAssembly (1173ms)
		BeginReloadAssembly (132ms)
			ExecutionOrderSort (0ms)
			DisableScriptedObjects (5ms)
			BackupInstance (0ms)
			ReleaseScriptingObjects (0ms)
			CreateAndSetChildDomain (32ms)
		EndReloadAssembly (959ms)
			LoadAssemblies (83ms)
			RebuildTransferFunctionScriptingTraits (0ms)
			SetupTypeCache (239ms)
			ReleaseScriptCaches (1ms)
			RebuildScriptCaches (35ms)
			SetupLoadedEditorAssemblies (593ms)
				LogAssemblyErrors (0ms)
				InitializePlatformSupportModulesInManaged (4ms)
				SetLoadedEditorAssemblies (0ms)
				RefreshPlugins (1ms)
				BeforeProcessingInitializeOnLoad (44ms)
				ProcessInitializeOnLoadAttributes (523ms)
				ProcessInitializeOnLoadMethodAttributes (17ms)
				AfterProcessingInitializeOnLoad (3ms)
				EditorAssembliesLoaded (0ms)
			ExecutionOrderSort2 (0ms)
			AwakeInstancesAfterBackupRestoration (6ms)
Platform modules already initialized, skipping
Refreshing native plugins compatible for Editor in 0.87 ms, found 3 plugins.
Preloading 0 native plugins for Editor in 0.00 ms.
Unloading 3059 Unused Serialized files (Serialized files now loaded: 0)
Unloading 29 unused Assets / (0.6 MB). Loaded Objects now: 3604.
Memory consumption went from 114.9 MB to 114.2 MB.
Total: 3.380900 ms (FindLiveObjects: 0.270600 ms CreateObjectMapping: 0.079400 ms MarkObjects: 2.669100 ms  DeleteObjects: 0.361100 ms)

AssetImportParameters requested are different than current active one (requested -> active):
  custom:video-decoder-ogg-theora: a1e56fd34408186e4bbccfd4996cb3dc -> 
  custom:container-muxer-webm: aa71ff27fc2769a1b78a27578f13a17b -> 
  custom:container-demuxer-webm: 4f35f7cbe854078d1ac9338744f61a02 -> 
  custom:video-encoder-webm-vp8: eb34c28f22e8b96e1ab97ce403110664 -> 
  custom:CustomObjectIndexerAttribute: bc11b3a6c3213fcdd17b65e7da85e133 -> 
  custom:audio-encoder-webm-vorbis: bf7c407c2cedff20999df2af8eb42d56 -> 
  custom:framework-win-MediaFoundation: 216162199b28c13a410421893ffa2e32 -> 
  custom:SearchIndexIgnoredProperties: e643bd26f0fe6173181afceb89e7c659 -> 
  custom:container-demuxer-ogg: 62fdf1f143b41e24485cea50d1cbac27 -> 
  custom:video-decoder-webm-vp8: 9c59270c3fd7afecdb556c50c9e8de78 -> 
  custom:audio-decoder-ogg-vorbis: bf7c407c2cedff20999df2af8eb42d56 -> 
========================================================================
Received Prepare
Registering precompiled user dll's ...
Registered in 0.003519 seconds.
Begin MonoManager ReloadAssembly
Native extension for WindowsStandalone target not found
Refreshing native plugins compatible for Editor in 0.61 ms, found 3 plugins.
Preloading 0 native plugins for Editor in 0.00 ms.
[Package Manager] Server::EnsureServerProcessIsRunning -- launch failed, reason: Unity was launched with the -noUpm command-line argument
[Package Manager] Cannot connect to Unity Package Manager local server
Mono: successfully reloaded assembly
- Completed reload, in  1.206 seconds
Domain Reload Profiling:
	ReloadAssembly (1206ms)
		BeginReloadAssembly (140ms)
			ExecutionOrderSort (0ms)
			DisableScriptedObjects (5ms)
			BackupInstance (0ms)
			ReleaseScriptingObjects (0ms)
			CreateAndSetChildDomain (33ms)
		EndReloadAssembly (988ms)
			LoadAssemblies (90ms)
			RebuildTransferFunctionScriptingTraits (0ms)
			SetupTypeCache (260ms)
			ReleaseScriptCaches (1ms)
			RebuildScriptCaches (34ms)
			SetupLoadedEditorAssemblies (600ms)
				LogAssemblyErrors (0ms)
				InitializePlatformSupportModulesInManaged (4ms)
				SetLoadedEditorAssemblies (0ms)
				RefreshPlugins (1ms)
				BeforeProcessingInitializeOnLoad (47ms)
				ProcessInitializeOnLoadAttributes (530ms)
				ProcessInitializeOnLoadMethodAttributes (15ms)
				AfterProcessingInitializeOnLoad (3ms)
				EditorAssembliesLoaded (0ms)
			ExecutionOrderSort2 (0ms)
			AwakeInstancesAfterBackupRestoration (5ms)
Platform modules already initialized, skipping
Refreshing native plugins compatible for Editor in 0.64 ms, found 3 plugins.
Preloading 0 native plugins for Editor in 0.00 ms.
Unloading 3062 Unused Serialized files (Serialized files now loaded: 0)
Unloading 31 unused Assets / (0.7 MB). Loaded Objects now: 3608.
Memory consumption went from 115.2 MB to 114.5 MB.
Total: 3.286600 ms (FindLiveObjects: 0.264800 ms CreateObjectMapping: 0.073100 ms MarkObjects: 2.595600 ms  DeleteObjects: 0.352200 ms)

AssetImportParameters requested are different than current active one (requested -> active):
  custom:video-decoder-ogg-theora: a1e56fd34408186e4bbccfd4996cb3dc -> 
  custom:container-muxer-webm: aa71ff27fc2769a1b78a27578f13a17b -> 
  custom:container-demuxer-webm: 4f35f7cbe854078d1ac9338744f61a02 -> 
  custom:video-encoder-webm-vp8: eb34c28f22e8b96e1ab97ce403110664 -> 
  custom:CustomObjectIndexerAttribute: bc11b3a6c3213fcdd17b65e7da85e133 -> 
  custom:audio-encoder-webm-vorbis: bf7c407c2cedff20999df2af8eb42d56 -> 
  custom:framework-win-MediaFoundation: 216162199b28c13a410421893ffa2e32 -> 
  custom:SearchIndexIgnoredProperties: e643bd26f0fe6173181afceb89e7c659 -> 
  custom:container-demuxer-ogg: 62fdf1f143b41e24485cea50d1cbac27 -> 
  custom:video-decoder-webm-vp8: 9c59270c3fd7afecdb556c50c9e8de78 -> 
  custom:audio-decoder-ogg-vorbis: bf7c407c2cedff20999df2af8eb42d56 -> 
========================================================================
Received Import Request.
  Time since last request: 2462.933296 seconds.
  path: Assets/materials/Blur.mat
  artifactKey: Guid(a4950279e24dd554ab5a738650587704) Importer(815301076,1909f56bfc062723c751e8b465ee728b)
Number of updated assets reloaded before import = 0
Start importing Assets/materials/Blur.mat using Guid(a4950279e24dd554ab5a738650587704) Importer(815301076,1909f56bfc062723c751e8b465ee728b)  -> (artifact id: '1e92ee369b54f53f3e2e9ce3c5db7b4c') in 0.137006 seconds 
Number of asset objects unloaded after import = 2
========================================================================
Received Import Request.
  Time since last request: 0.000024 seconds.
  path: Assets/TextMesh Pro/Resources/Fonts & Materials/LiberationSans SDF - Outline.mat
  artifactKey: Guid(79459efec17a4d00a321bdcc27bbc385) Importer(815301076,1909f56bfc062723c751e8b465ee728b)
Number of updated assets reloaded before import = 0
Start importing Assets/TextMesh Pro/Resources/Fonts & Materials/LiberationSans SDF - Outline.mat using Guid(79459efec17a4d00a321bdcc27bbc385) Importer(815301076,1909f56bfc062723c751e8b465ee728b)  -> (artifact id: '46a8030c049a66a11e13c905385f97a2') in 0.076486 seconds 
Number of asset objects unloaded after import = 2
========================================================================
Received Import Request.
  Time since last request: 0.000036 seconds.
  path: Assets/TextMesh Pro/Resources/Fonts & Materials/LiberationSans SDF.asset
  artifactKey: Guid(8f586378b4e144a9851e7b34d9b748ee) Importer(815301076,1909f56bfc062723c751e8b465ee728b)
Number of updated assets reloaded before import = 0
Start importing Assets/TextMesh Pro/Resources/Fonts & Materials/LiberationSans SDF.asset using Guid(8f586378b4e144a9851e7b34d9b748ee) Importer(815301076,1909f56bfc062723c751e8b465ee728b)  -> (artifact id: '6596355e89d35d15be43e6a05d3da3c4') in 0.127672 seconds 
Number of asset objects unloaded after import = 9
========================================================================
Received Prepare
Registering precompiled user dll's ...
Registered in 0.003035 seconds.
Begin MonoManager ReloadAssembly
Native extension for WindowsStandalone target not found
Refreshing native plugins compatible for Editor in 0.62 ms, found 3 plugins.
Preloading 0 native plugins for Editor in 0.00 ms.
[Package Manager] Server::EnsureServerProcessIsRunning -- launch failed, reason: Unity was launched with the -noUpm command-line argument
[Package Manager] Cannot connect to Unity Package Manager local server
Mono: successfully reloaded assembly
- Completed reload, in  1.186 seconds
Domain Reload Profiling:
	ReloadAssembly (1187ms)
		BeginReloadAssembly (146ms)
			ExecutionOrderSort (0ms)
			DisableScriptedObjects (4ms)
			BackupInstance (0ms)
			ReleaseScriptingObjects (0ms)
			CreateAndSetChildDomain (45ms)
		EndReloadAssembly (957ms)
			LoadAssemblies (84ms)
			RebuildTransferFunctionScriptingTraits (0ms)
			SetupTypeCache (237ms)
			ReleaseScriptCaches (1ms)
			RebuildScriptCaches (36ms)
			SetupLoadedEditorAssemblies (590ms)
				LogAssemblyErrors (0ms)
				InitializePlatformSupportModulesInManaged (4ms)
				SetLoadedEditorAssemblies (0ms)
				RefreshPlugins (1ms)
				BeforeProcessingInitializeOnLoad (48ms)
				ProcessInitializeOnLoadAttributes (519ms)
				ProcessInitializeOnLoadMethodAttributes (15ms)
				AfterProcessingInitializeOnLoad (3ms)
				EditorAssembliesLoaded (0ms)
			ExecutionOrderSort2 (0ms)
			AwakeInstancesAfterBackupRestoration (5ms)
Platform modules already initialized, skipping
Refreshing native plugins compatible for Editor in 0.61 ms, found 3 plugins.
Preloading 0 native plugins for Editor in 0.00 ms.
Unloading 3062 Unused Serialized files (Serialized files now loaded: 0)
Unloading 30 unused Assets / (0.7 MB). Loaded Objects now: 3613.
Memory consumption went from 115.3 MB to 114.6 MB.
Total: 3.122900 ms (FindLiveObjects: 0.310800 ms CreateObjectMapping: 0.081200 ms MarkObjects: 2.370400 ms  DeleteObjects: 0.359400 ms)

AssetImportParameters requested are different than current active one (requested -> active):
  custom:video-decoder-ogg-theora: a1e56fd34408186e4bbccfd4996cb3dc -> 
  custom:container-muxer-webm: aa71ff27fc2769a1b78a27578f13a17b -> 
  custom:container-demuxer-webm: 4f35f7cbe854078d1ac9338744f61a02 -> 
  custom:video-encoder-webm-vp8: eb34c28f22e8b96e1ab97ce403110664 -> 
  custom:CustomObjectIndexerAttribute: bc11b3a6c3213fcdd17b65e7da85e133 -> 
  custom:audio-encoder-webm-vorbis: bf7c407c2cedff20999df2af8eb42d56 -> 
  custom:framework-win-MediaFoundation: 216162199b28c13a410421893ffa2e32 -> 
  custom:SearchIndexIgnoredProperties: e643bd26f0fe6173181afceb89e7c659 -> 
  custom:container-demuxer-ogg: 62fdf1f143b41e24485cea50d1cbac27 -> 
  custom:video-decoder-webm-vp8: 9c59270c3fd7afecdb556c50c9e8de78 -> 
  custom:audio-decoder-ogg-vorbis: bf7c407c2cedff20999df2af8eb42d56 -> 
========================================================================
Received Import Request.
  Time since last request: 2148.484025 seconds.
  path: Assets/UISprites/blue_panel.png
  artifactKey: Guid(4fca1cce09a58624a849ede3e7be6290) Importer(815301076,1909f56bfc062723c751e8b465ee728b)
Number of updated assets reloaded before import = 0
Start importing Assets/UISprites/blue_panel.png using Guid(4fca1cce09a58624a849ede3e7be6290) Importer(815301076,1909f56bfc062723c751e8b465ee728b)  -> (artifact id: 'f71f5c4d40c90bc373f5ef8f569bc94e') in 0.079884 seconds 
Number of asset objects unloaded after import = 3
========================================================================
Received Import Request.
  Time since last request: 1152.671940 seconds.
  path: Assets/materials/blur.mat
  artifactKey: Guid(a4950279e24dd554ab5a738650587704) Importer(815301076,1909f56bfc062723c751e8b465ee728b)
Number of updated assets reloaded before import = 0
Start importing Assets/materials/blur.mat using Guid(a4950279e24dd554ab5a738650587704) Importer(815301076,1909f56bfc062723c751e8b465ee728b)  -> (artifact id: '9310cdee12bf74b5c2052fa9e57414be') in 0.043558 seconds 
Number of asset objects unloaded after import = 1
