Using pre-set license
Built from '2021.3/staging' branch; Version is '2021.3.30f1 (b4360d7cdac4) revision 11810317'; Using compiler version '192829333'; Build Type 'Release'
OS: 'Windows 10  (10.0.19045) 64bit Professional' Language: 'ru' Physical Memory: 16315 MB
BatchMode: 1, IsHumanControllingUs: 0, StartBugReporterOnCrash: 0, Is64bit: 1, IsPro: 1

COMMAND LINE ARGUMENTS:
H:\Unity\2021.3.30f1\Editor\Unity.exe
-adb2
-batchMode
-noUpm
-name
AssetImportWorker0
-projectPath
H:/Unity/My project
-logFile
Logs/AssetImportWorker0.log
-srvPort
51442
Successfully changed project path to: H:/Unity/My project
H:/Unity/My project
[UnityMemory] Configuration Parameters - Can be set up in boot.config
    "memorysetup-bucket-allocator-granularity=16"
    "memorysetup-bucket-allocator-bucket-count=8"
    "memorysetup-bucket-allocator-block-size=33554432"
    "memorysetup-bucket-allocator-block-count=8"
    "memorysetup-main-allocator-block-size=16777216"
    "memorysetup-thread-allocator-block-size=16777216"
    "memorysetup-gfx-main-allocator-block-size=16777216"
    "memorysetup-gfx-thread-allocator-block-size=16777216"
    "memorysetup-cache-allocator-block-size=4194304"
    "memorysetup-typetree-allocator-block-size=2097152"
    "memorysetup-profiler-bucket-allocator-granularity=16"
    "memorysetup-profiler-bucket-allocator-bucket-count=8"
    "memorysetup-profiler-bucket-allocator-block-size=33554432"
    "memorysetup-profiler-bucket-allocator-block-count=8"
    "memorysetup-profiler-allocator-block-size=16777216"
    "memorysetup-profiler-editor-allocator-block-size=1048576"
    "memorysetup-temp-allocator-size-main=16777216"
    "memorysetup-job-temp-allocator-block-size=2097152"
    "memorysetup-job-temp-allocator-block-size-background=1048576"
    "memorysetup-job-temp-allocator-reduction-small-platforms=262144"
    "memorysetup-temp-allocator-size-background-worker=32768"
    "memorysetup-temp-allocator-size-job-worker=262144"
    "memorysetup-temp-allocator-size-preload-manager=33554432"
    "memorysetup-temp-allocator-size-nav-mesh-worker=65536"
    "memorysetup-temp-allocator-size-audio-worker=65536"
    "memorysetup-temp-allocator-size-cloud-worker=32768"
    "memorysetup-temp-allocator-size-gi-baking-worker=262144"
    "memorysetup-temp-allocator-size-gfx=262144"
Player connection [7236] Host "[IP] 192.168.0.131 [Port] 0 [Flags] 2 [Guid] 677952571 [EditorId] 677952571 [Version] 1048832 [Id] WindowsEditor(7,DESKTOP-Q1P8R86) [Debug] 1 [PackageName] WindowsEditor [ProjectName] Editor" joined multi-casting on [225.0.0.222:54997]...

Player connection [7236] Host "[IP] 192.168.0.131 [Port] 0 [Flags] 2 [Guid] 677952571 [EditorId] 677952571 [Version] 1048832 [Id] WindowsEditor(7,DESKTOP-Q1P8R86) [Debug] 1 [PackageName] WindowsEditor [ProjectName] Editor" joined alternative multi-casting on [225.0.0.222:34997]...

[Physics::Module] Initialized MultithreadedJobDispatcher with {0} workers.
Refreshing native plugins compatible for Editor in 60.51 ms, found 3 plugins.
Preloading 0 native plugins for Editor in 0.00 ms.
Initialize engine version: 2021.3.30f1 (b4360d7cdac4)
[Subsystems] Discovering subsystems at path H:/Unity/2021.3.30f1/Editor/Data/Resources/UnitySubsystems
[Subsystems] Discovering subsystems at path H:/Unity/My project/Assets
GfxDevice: creating device client; threaded=0; jobified=0
Direct3D:
    Version:  Direct3D 11.0 [level 11.1]
    Renderer: NVIDIA GeForce GT 1030 (ID=0x1d01)
    Vendor:   NVIDIA
    VRAM:     1981 MB
    Driver:   31.0.15.3623
Initialize mono
Mono path[0] = 'H:/Unity/2021.3.30f1/Editor/Data/Managed'
Mono path[1] = 'H:/Unity/2021.3.30f1/Editor/Data/MonoBleedingEdge/lib/mono/unityjit-win32'
Mono config path = 'H:/Unity/2021.3.30f1/Editor/Data/MonoBleedingEdge/etc'
Using monoOptions --debugger-agent=transport=dt_socket,embedding=1,server=y,suspend=n,address=127.0.0.1:56828
Begin MonoManager ReloadAssembly
Registering precompiled unity dll's ...
Register platform support module: H:/Unity/2021.3.30f1/Editor/Data/PlaybackEngines/WindowsStandaloneSupport/UnityEditor.WindowsStandalone.Extensions.dll
Registered in 0.002241 seconds.
Native extension for WindowsStandalone target not found
Refreshing native plugins compatible for Editor in 61.84 ms, found 3 plugins.
Preloading 0 native plugins for Editor in 0.00 ms.
Mono: successfully reloaded assembly
- Completed reload, in  0.535 seconds
Domain Reload Profiling:
	ReloadAssembly (535ms)
		BeginReloadAssembly (87ms)
			ExecutionOrderSort (0ms)
			DisableScriptedObjects (0ms)
			BackupInstance (0ms)
			ReleaseScriptingObjects (0ms)
			CreateAndSetChildDomain (1ms)
		EndReloadAssembly (364ms)
			LoadAssemblies (86ms)
			RebuildTransferFunctionScriptingTraits (0ms)
			SetupTypeCache (95ms)
			ReleaseScriptCaches (0ms)
			RebuildScriptCaches (24ms)
			SetupLoadedEditorAssemblies (214ms)
				LogAssemblyErrors (0ms)
				InitializePlatformSupportModulesInManaged (6ms)
				SetLoadedEditorAssemblies (0ms)
				RefreshPlugins (62ms)
				BeforeProcessingInitializeOnLoad (1ms)
				ProcessInitializeOnLoadAttributes (105ms)
				ProcessInitializeOnLoadMethodAttributes (40ms)
				AfterProcessingInitializeOnLoad (0ms)
				EditorAssembliesLoaded (0ms)
			ExecutionOrderSort2 (0ms)
			AwakeInstancesAfterBackupRestoration (0ms)
Platform modules already initialized, skipping
Registering precompiled user dll's ...
Registered in 0.003067 seconds.
Begin MonoManager ReloadAssembly
Native extension for WindowsStandalone target not found
Refreshing native plugins compatible for Editor in 0.48 ms, found 3 plugins.
Preloading 0 native plugins for Editor in 0.00 ms.
Package Manager log level set to [2]
[Package Manager] Server::EnsureServerProcessIsRunning -- launch failed, reason: Unity was launched with the -noUpm command-line argument
[Package Manager] Cannot connect to Unity Package Manager local server
Mono: successfully reloaded assembly
- Completed reload, in  1.206 seconds
Domain Reload Profiling:
	ReloadAssembly (1207ms)
		BeginReloadAssembly (111ms)
			ExecutionOrderSort (0ms)
			DisableScriptedObjects (5ms)
			BackupInstance (0ms)
			ReleaseScriptingObjects (0ms)
			CreateAndSetChildDomain (19ms)
		EndReloadAssembly (1007ms)
			LoadAssemblies (81ms)
			RebuildTransferFunctionScriptingTraits (0ms)
			SetupTypeCache (231ms)
			ReleaseScriptCaches (1ms)
			RebuildScriptCaches (42ms)
			SetupLoadedEditorAssemblies (643ms)
				LogAssemblyErrors (0ms)
				InitializePlatformSupportModulesInManaged (4ms)
				SetLoadedEditorAssemblies (0ms)
				RefreshPlugins (1ms)
				BeforeProcessingInitializeOnLoad (61ms)
				ProcessInitializeOnLoadAttributes (554ms)
				ProcessInitializeOnLoadMethodAttributes (20ms)
				AfterProcessingInitializeOnLoad (4ms)
				EditorAssembliesLoaded (0ms)
			ExecutionOrderSort2 (0ms)
			AwakeInstancesAfterBackupRestoration (6ms)
Platform modules already initialized, skipping
========================================================================
Worker process is ready to serve import requests
Launched and connected shader compiler UnityShaderCompiler.exe after 0.03 seconds
Refreshing native plugins compatible for Editor in 0.46 ms, found 3 plugins.
Preloading 0 native plugins for Editor in 0.00 ms.
Unloading 3054 Unused Serialized files (Serialized files now loaded: 0)
Unloading 22 unused Assets / (46.9 KB). Loaded Objects now: 3516.
Memory consumption went from 108.0 MB to 108.0 MB.
Total: 3.865300 ms (FindLiveObjects: 0.344100 ms CreateObjectMapping: 0.074900 ms MarkObjects: 3.330000 ms  DeleteObjects: 0.115000 ms)

AssetImportParameters requested are different than current active one (requested -> active):
  custom:video-decoder-ogg-theora: a1e56fd34408186e4bbccfd4996cb3dc -> 
  custom:container-muxer-webm: aa71ff27fc2769a1b78a27578f13a17b -> 
  custom:container-demuxer-webm: 4f35f7cbe854078d1ac9338744f61a02 -> 
  custom:video-encoder-webm-vp8: eb34c28f22e8b96e1ab97ce403110664 -> 
  custom:CustomObjectIndexerAttribute: bc11b3a6c3213fcdd17b65e7da85e133 -> 
  custom:audio-encoder-webm-vorbis: bf7c407c2cedff20999df2af8eb42d56 -> 
  custom:framework-win-MediaFoundation: 216162199b28c13a410421893ffa2e32 -> 
  custom:SearchIndexIgnoredProperties: e643bd26f0fe6173181afceb89e7c659 -> 
  custom:container-demuxer-ogg: 62fdf1f143b41e24485cea50d1cbac27 -> 
  custom:video-decoder-webm-vp8: 9c59270c3fd7afecdb556c50c9e8de78 -> 
  custom:audio-decoder-ogg-vorbis: bf7c407c2cedff20999df2af8eb42d56 -> 
========================================================================
Received Import Request.
  Time since last request: 222120.578075 seconds.
  path: Assets/materials
  artifactKey: Guid(47b4b0e14e8cf564d84a6bb7ffa5899d) Importer(815301076,1909f56bfc062723c751e8b465ee728b)
Number of updated assets reloaded before import = 0
Start importing Assets/materials using Guid(47b4b0e14e8cf564d84a6bb7ffa5899d) Importer(815301076,1909f56bfc062723c751e8b465ee728b)  -> (artifact id: 'e1374dea5d2f5649fccaffd354ed2a90') in 0.018186 seconds 
Number of asset objects unloaded after import = 0
========================================================================
Received Import Request.
  Time since last request: 30.506489 seconds.
  path: Assets/PNG
  artifactKey: Guid(bd92eb9d96073c34788975eb26677f90) Importer(815301076,1909f56bfc062723c751e8b465ee728b)
Number of updated assets reloaded before import = 0
Start importing Assets/PNG using Guid(bd92eb9d96073c34788975eb26677f90) Importer(815301076,1909f56bfc062723c751e8b465ee728b)  -> (artifact id: '3d50d0a39f1346e947906b43c817464c') in 0.014287 seconds 
Number of asset objects unloaded after import = 0
========================================================================
Received Import Request.
  Time since last request: 0.016060 seconds.
  path: Assets/PNG/blue_boxCheckmark.png
  artifactKey: Guid(77aea6e082a2d4f4686e3039288d17e5) Importer(815301076,1909f56bfc062723c751e8b465ee728b)
Number of updated assets reloaded before import = 0
Start importing Assets/PNG/blue_boxCheckmark.png using Guid(77aea6e082a2d4f4686e3039288d17e5) Importer(815301076,1909f56bfc062723c751e8b465ee728b)  -> (artifact id: 'da60a3ec4a61dcf7316904db50c69fcd') in 0.080804 seconds 
Number of asset objects unloaded after import = 2
========================================================================
Received Import Request.
  Time since last request: 0.000021 seconds.
  path: Assets/PNG/blue_button07.png
  artifactKey: Guid(68e3c850b638b6349997f612b6ad3c93) Importer(815301076,1909f56bfc062723c751e8b465ee728b)
Number of updated assets reloaded before import = 0
Start importing Assets/PNG/blue_button07.png using Guid(68e3c850b638b6349997f612b6ad3c93) Importer(815301076,1909f56bfc062723c751e8b465ee728b)  -> (artifact id: 'd7d160879b07e5d8be87a6b75606629a') in 0.016380 seconds 
Number of asset objects unloaded after import = 2
========================================================================
Received Import Request.
  Time since last request: 0.000019 seconds.
  path: Assets/PNG/dropdownMid.png
  artifactKey: Guid(7373bd5fde8de354bbd57bc3af1c168a) Importer(815301076,1909f56bfc062723c751e8b465ee728b)
Number of updated assets reloaded before import = 0
Start importing Assets/PNG/dropdownMid.png using Guid(7373bd5fde8de354bbd57bc3af1c168a) Importer(815301076,1909f56bfc062723c751e8b465ee728b)  -> (artifact id: '52e37280d34bdff3acb4fb4d41ba5a62') in 0.014839 seconds 
Number of asset objects unloaded after import = 2
========================================================================
Received Import Request.
  Time since last request: 0.000022 seconds.
  path: Assets/PNG/blue_button02.png
  artifactKey: Guid(d39c23edf03c2ef4a9e1d54576448107) Importer(815301076,1909f56bfc062723c751e8b465ee728b)
Number of updated assets reloaded before import = 0
Start importing Assets/PNG/blue_button02.png using Guid(d39c23edf03c2ef4a9e1d54576448107) Importer(815301076,1909f56bfc062723c751e8b465ee728b)  -> (artifact id: '9f0e98fbe7ae7cedef7cbef4b5f414f7') in 0.016667 seconds 
Number of asset objects unloaded after import = 2
========================================================================
Received Import Request.
  Time since last request: 0.000020 seconds.
  path: Assets/PNG/blue_sliderUp.png
  artifactKey: Guid(f7abbea39611eca49b902dd2cd142537) Importer(815301076,1909f56bfc062723c751e8b465ee728b)
Number of updated assets reloaded before import = 0
Start importing Assets/PNG/blue_sliderUp.png using Guid(f7abbea39611eca49b902dd2cd142537) Importer(815301076,1909f56bfc062723c751e8b465ee728b)  -> (artifact id: '4fb50a978431517fc375657b472ebf85') in 0.014407 seconds 
Number of asset objects unloaded after import = 2
========================================================================
Received Import Request.
  Time since last request: 0.000030 seconds.
  path: Assets/PNG/blue_button10.png
  artifactKey: Guid(8e8bb469ae19dc44eb2d308c11a6f481) Importer(815301076,1909f56bfc062723c751e8b465ee728b)
Number of updated assets reloaded before import = 0
Start importing Assets/PNG/blue_button10.png using Guid(8e8bb469ae19dc44eb2d308c11a6f481) Importer(815301076,1909f56bfc062723c751e8b465ee728b)  -> (artifact id: '72a7821b853098a2e3e30e0e3be0ea40') in 0.015218 seconds 
Number of asset objects unloaded after import = 2
========================================================================
Received Import Request.
  Time since last request: 0.000017 seconds.
  path: Assets/PNG/blue_circle.png
  artifactKey: Guid(36598a4a1e3aa6641b6d385ddb618e03) Importer(815301076,1909f56bfc062723c751e8b465ee728b)
Number of updated assets reloaded before import = 0
Start importing Assets/PNG/blue_circle.png using Guid(36598a4a1e3aa6641b6d385ddb618e03) Importer(815301076,1909f56bfc062723c751e8b465ee728b)  -> (artifact id: '6a4f66d54678533b396ad8373cf0d650') in 0.015275 seconds 
Number of asset objects unloaded after import = 2
========================================================================
Received Import Request.
  Time since last request: 0.000019 seconds.
  path: Assets/PNG/green_button00.png
  artifactKey: Guid(1852012753020764e822a89413157b19) Importer(815301076,1909f56bfc062723c751e8b465ee728b)
Number of updated assets reloaded before import = 0
Start importing Assets/PNG/green_button00.png using Guid(1852012753020764e822a89413157b19) Importer(815301076,1909f56bfc062723c751e8b465ee728b)  -> (artifact id: 'bf00617db2830da80ac97f13b510cdbb') in 0.016026 seconds 
Number of asset objects unloaded after import = 2
========================================================================
Received Import Request.
  Time since last request: 0.000020 seconds.
  path: Assets/PNG/blue_tick.png
  artifactKey: Guid(a01ce71e7cb02b84ea112859eefd0500) Importer(815301076,1909f56bfc062723c751e8b465ee728b)
Number of updated assets reloaded before import = 0
Start importing Assets/PNG/blue_tick.png using Guid(a01ce71e7cb02b84ea112859eefd0500) Importer(815301076,1909f56bfc062723c751e8b465ee728b)  -> (artifact id: '8a715c1a4b45033969a6cd36cbf3cca6') in 0.014611 seconds 
Number of asset objects unloaded after import = 2
========================================================================
Received Import Request.
  Time since last request: 0.000023 seconds.
  path: Assets/PNG/blue_sliderRight.png
  artifactKey: Guid(e26dd136aec257e40a38ff58057d8be1) Importer(815301076,1909f56bfc062723c751e8b465ee728b)
Number of updated assets reloaded before import = 0
Start importing Assets/PNG/blue_sliderRight.png using Guid(e26dd136aec257e40a38ff58057d8be1) Importer(815301076,1909f56bfc062723c751e8b465ee728b)  -> (artifact id: '7ebcfd89710ef1549079debedf04d86c') in 0.015114 seconds 
Number of asset objects unloaded after import = 2
========================================================================
Received Import Request.
  Time since last request: 0.000022 seconds.
  path: Assets/PNG/blue_boxTick.png
  artifactKey: Guid(c055b3b5ab6608b43870528090bbb7cc) Importer(815301076,1909f56bfc062723c751e8b465ee728b)
Number of updated assets reloaded before import = 0
Start importing Assets/PNG/blue_boxTick.png using Guid(c055b3b5ab6608b43870528090bbb7cc) Importer(815301076,1909f56bfc062723c751e8b465ee728b)  -> (artifact id: '4d1bb68f501af0b238b2483b901c30cf') in 0.015735 seconds 
Number of asset objects unloaded after import = 2
========================================================================
Received Import Request.
  Time since last request: 0.000021 seconds.
  path: Assets/PNG/blue_button08.png
  artifactKey: Guid(3c4f5b72c135e1c4891fc68ecde76db0) Importer(815301076,1909f56bfc062723c751e8b465ee728b)
Number of updated assets reloaded before import = 0
Start importing Assets/PNG/blue_button08.png using Guid(3c4f5b72c135e1c4891fc68ecde76db0) Importer(815301076,1909f56bfc062723c751e8b465ee728b)  -> (artifact id: '7cca19535d8659729804a94e8058576c') in 0.015015 seconds 
Number of asset objects unloaded after import = 2
========================================================================
Received Import Request.
  Time since last request: 0.000019 seconds.
  path: Assets/PNG/blue_button09.png
  artifactKey: Guid(edb6a857a11fe014290bb9254c4520c5) Importer(815301076,1909f56bfc062723c751e8b465ee728b)
Number of updated assets reloaded before import = 0
Start importing Assets/PNG/blue_button09.png using Guid(edb6a857a11fe014290bb9254c4520c5) Importer(815301076,1909f56bfc062723c751e8b465ee728b)  -> (artifact id: '2f17c13390019625287e7b82ad0e3c8c') in 0.014662 seconds 
Number of asset objects unloaded after import = 2
========================================================================
Received Import Request.
  Time since last request: 0.000019 seconds.
  path: Assets/PNG/dropdownBottom.png
  artifactKey: Guid(fcc55f755630dca47940a7212a5653df) Importer(815301076,1909f56bfc062723c751e8b465ee728b)
Number of updated assets reloaded before import = 0
Start importing Assets/PNG/dropdownBottom.png using Guid(fcc55f755630dca47940a7212a5653df) Importer(815301076,1909f56bfc062723c751e8b465ee728b)  -> (artifact id: '875edd138809692e505980a871f5e04f') in 0.018485 seconds 
Number of asset objects unloaded after import = 2
========================================================================
Received Import Request.
  Time since last request: 0.000022 seconds.
  path: Assets/PNG/dropdownTop.png
  artifactKey: Guid(caec669ac0fbeda45b30284498132df7) Importer(815301076,1909f56bfc062723c751e8b465ee728b)
Number of updated assets reloaded before import = 0
Start importing Assets/PNG/dropdownTop.png using Guid(caec669ac0fbeda45b30284498132df7) Importer(815301076,1909f56bfc062723c751e8b465ee728b)  -> (artifact id: '2ce21ea1f0cb7601bfb8d86c02e3c6d8') in 0.016106 seconds 
Number of asset objects unloaded after import = 2
========================================================================
Received Import Request.
  Time since last request: 0.000021 seconds.
  path: Assets/PNG/blue_sliderLeft.png
  artifactKey: Guid(b8000b3931891fb43b804b5465ddbc90) Importer(815301076,1909f56bfc062723c751e8b465ee728b)
Number of updated assets reloaded before import = 0
Start importing Assets/PNG/blue_sliderLeft.png using Guid(b8000b3931891fb43b804b5465ddbc90) Importer(815301076,1909f56bfc062723c751e8b465ee728b)  -> (artifact id: '71d68edb7f1787b855bd599284888507') in 0.015402 seconds 
Number of asset objects unloaded after import = 2
========================================================================
Received Import Request.
  Time since last request: 0.000020 seconds.
  path: Assets/PNG/blue_sliderDown.png
  artifactKey: Guid(a19422ef0beb9b1439a43b408570ef2f) Importer(815301076,1909f56bfc062723c751e8b465ee728b)
Number of updated assets reloaded before import = 0
Start importing Assets/PNG/blue_sliderDown.png using Guid(a19422ef0beb9b1439a43b408570ef2f) Importer(815301076,1909f56bfc062723c751e8b465ee728b)  -> (artifact id: '4eb7f3e99d9e944dd90383d0ebab43bc') in 0.014560 seconds 
Number of asset objects unloaded after import = 2
========================================================================
Received Import Request.
  Time since last request: 0.792592 seconds.
  path: Assets/PNG/green_button01.png
  artifactKey: Guid(223d5ab33a848c64fba0419263c7bdef) Importer(815301076,1909f56bfc062723c751e8b465ee728b)
Number of updated assets reloaded before import = 0
Start importing Assets/PNG/green_button01.png using Guid(223d5ab33a848c64fba0419263c7bdef) Importer(815301076,1909f56bfc062723c751e8b465ee728b)  -> (artifact id: 'f4517a4f750dbfb22e153d37394e9ea1') in 0.014617 seconds 
Number of asset objects unloaded after import = 2
========================================================================
Received Import Request.
  Time since last request: 0.000020 seconds.
  path: Assets/PNG/green_button07.png
  artifactKey: Guid(c1ce36759ec78094da1112232221f864) Importer(815301076,1909f56bfc062723c751e8b465ee728b)
Number of updated assets reloaded before import = 0
Start importing Assets/PNG/green_button07.png using Guid(c1ce36759ec78094da1112232221f864) Importer(815301076,1909f56bfc062723c751e8b465ee728b)  -> (artifact id: 'ee2e33ea57e7979d1ccc36a96518b9f8') in 0.016205 seconds 
Number of asset objects unloaded after import = 2
========================================================================
Received Import Request.
  Time since last request: 0.000017 seconds.
  path: Assets/PNG/green_button06.png
  artifactKey: Guid(da62538b64201ed41b842da295ce66b6) Importer(815301076,1909f56bfc062723c751e8b465ee728b)
Number of updated assets reloaded before import = 0
Start importing Assets/PNG/green_button06.png using Guid(da62538b64201ed41b842da295ce66b6) Importer(815301076,1909f56bfc062723c751e8b465ee728b)  -> (artifact id: 'e2b054860f3f25a3bcca96be06a6984c') in 0.015201 seconds 
Number of asset objects unloaded after import = 2
========================================================================
Received Import Request.
  Time since last request: 0.000020 seconds.
  path: Assets/PNG/green_button08.png
  artifactKey: Guid(28cd290eb5904e0449563d505f64458e) Importer(815301076,1909f56bfc062723c751e8b465ee728b)
Number of updated assets reloaded before import = 0
Start importing Assets/PNG/green_button08.png using Guid(28cd290eb5904e0449563d505f64458e) Importer(815301076,1909f56bfc062723c751e8b465ee728b)  -> (artifact id: '5c8a634c3b786d49d4680afee86fa7ba') in 0.015856 seconds 
Number of asset objects unloaded after import = 2
========================================================================
Received Import Request.
  Time since last request: 0.486777 seconds.
  path: Assets/PNG/green_button09.png
  artifactKey: Guid(b6a38bff076567f4f92060635cbc5c50) Importer(815301076,1909f56bfc062723c751e8b465ee728b)
Number of updated assets reloaded before import = 0
Start importing Assets/PNG/green_button09.png using Guid(b6a38bff076567f4f92060635cbc5c50) Importer(815301076,1909f56bfc062723c751e8b465ee728b)  -> (artifact id: '4d97d10fa5cd75b3b9d1b802c825cf49') in 0.014403 seconds 
Number of asset objects unloaded after import = 2
========================================================================
Received Import Request.
  Time since last request: 0.000022 seconds.
  path: Assets/PNG/green_button11.png
  artifactKey: Guid(44fb4dd3e951e5448918e2f6713b1ea0) Importer(815301076,1909f56bfc062723c751e8b465ee728b)
Number of updated assets reloaded before import = 0
Start importing Assets/PNG/green_button11.png using Guid(44fb4dd3e951e5448918e2f6713b1ea0) Importer(815301076,1909f56bfc062723c751e8b465ee728b)  -> (artifact id: '6d0eb3b16097c44a09a58657195d87a8') in 0.015437 seconds 
Number of asset objects unloaded after import = 2
========================================================================
Received Import Request.
  Time since last request: 0.000021 seconds.
  path: Assets/PNG/green_button12.png
  artifactKey: Guid(da9bb59799eec8245bab803f221d40f3) Importer(815301076,1909f56bfc062723c751e8b465ee728b)
Number of updated assets reloaded before import = 0
Start importing Assets/PNG/green_button12.png using Guid(da9bb59799eec8245bab803f221d40f3) Importer(815301076,1909f56bfc062723c751e8b465ee728b)  -> (artifact id: '2f3ac43cea9b03d1e3d6ff53f3315ab7') in 0.015116 seconds 
Number of asset objects unloaded after import = 2
========================================================================
Received Import Request.
  Time since last request: 0.000024 seconds.
  path: Assets/PNG/green_sliderLeft.png
  artifactKey: Guid(781d8adeee0e58846a1589d703ea15b9) Importer(815301076,1909f56bfc062723c751e8b465ee728b)
Number of updated assets reloaded before import = 0
Start importing Assets/PNG/green_sliderLeft.png using Guid(781d8adeee0e58846a1589d703ea15b9) Importer(815301076,1909f56bfc062723c751e8b465ee728b)  -> (artifact id: '0bf9f983e12024ce8c5d5569aa930d00') in 0.015495 seconds 
Number of asset objects unloaded after import = 2
========================================================================
Received Import Request.
  Time since last request: 0.000019 seconds.
  path: Assets/PNG/grey_arrowDownGrey.png
  artifactKey: Guid(7bcb9525d7a0fa640971dc86ca3af485) Importer(815301076,1909f56bfc062723c751e8b465ee728b)
Number of updated assets reloaded before import = 0
Start importing Assets/PNG/grey_arrowDownGrey.png using Guid(7bcb9525d7a0fa640971dc86ca3af485) Importer(815301076,1909f56bfc062723c751e8b465ee728b)  -> (artifact id: 'd58fa546fef771e2c683faefe98e3ef1') in 0.015413 seconds 
Number of asset objects unloaded after import = 2
========================================================================
Received Import Request.
  Time since last request: 0.000021 seconds.
  path: Assets/PNG/grey_arrowDownWhite.png
  artifactKey: Guid(707831f2afc868240aa43220494aa765) Importer(815301076,1909f56bfc062723c751e8b465ee728b)
Number of updated assets reloaded before import = 0
Start importing Assets/PNG/grey_arrowDownWhite.png using Guid(707831f2afc868240aa43220494aa765) Importer(815301076,1909f56bfc062723c751e8b465ee728b)  -> (artifact id: 'bbba43193983e4e5536403a0cf15a9cc') in 0.014690 seconds 
Number of asset objects unloaded after import = 2
========================================================================
Received Import Request.
  Time since last request: 0.000020 seconds.
  path: Assets/PNG/green_sliderDown.png
  artifactKey: Guid(e53b31aee462d944ba3eb78ffeb8ca11) Importer(815301076,1909f56bfc062723c751e8b465ee728b)
Number of updated assets reloaded before import = 0
Start importing Assets/PNG/green_sliderDown.png using Guid(e53b31aee462d944ba3eb78ffeb8ca11) Importer(815301076,1909f56bfc062723c751e8b465ee728b)  -> (artifact id: '1a0ca6e79fba2c067686afc71e0e7852') in 0.015950 seconds 
Number of asset objects unloaded after import = 2
========================================================================
Received Import Request.
  Time since last request: 0.000028 seconds.
  path: Assets/PNG/green_button13.png
  artifactKey: Guid(a53ce3a09c734e247be1a9bce1146124) Importer(815301076,1909f56bfc062723c751e8b465ee728b)
Number of updated assets reloaded before import = 0
Start importing Assets/PNG/green_button13.png using Guid(a53ce3a09c734e247be1a9bce1146124) Importer(815301076,1909f56bfc062723c751e8b465ee728b)  -> (artifact id: 'f7d8dd822044aebe18044e541d12818b') in 0.015821 seconds 
Number of asset objects unloaded after import = 2
========================================================================
Received Import Request.
  Time since last request: 137.610134 seconds.
  path: Assets/PNG/grey_arrowUpWhite.png
  artifactKey: Guid(7039d27203d1c034d8d294803cd352e2) Importer(815301076,1909f56bfc062723c751e8b465ee728b)
Number of updated assets reloaded before import = 0
Start importing Assets/PNG/grey_arrowUpWhite.png using Guid(7039d27203d1c034d8d294803cd352e2) Importer(815301076,1909f56bfc062723c751e8b465ee728b)  -> (artifact id: '56c3809aa182fd0e09e018fb3c24c7b7') in 0.047965 seconds 
Number of asset objects unloaded after import = 2
========================================================================
Received Import Request.
  Time since last request: 0.000035 seconds.
  path: Assets/PNG/grey_boxCross.png
  artifactKey: Guid(cd3bbbb538942b643b1d35eb3a48b317) Importer(815301076,1909f56bfc062723c751e8b465ee728b)
Number of updated assets reloaded before import = 0
Start importing Assets/PNG/grey_boxCross.png using Guid(cd3bbbb538942b643b1d35eb3a48b317) Importer(815301076,1909f56bfc062723c751e8b465ee728b)  -> (artifact id: '7018fa2b43169e57c3eec3ef5c34f277') in 0.023321 seconds 
Number of asset objects unloaded after import = 2
========================================================================
Received Import Request.
  Time since last request: 0.000057 seconds.
  path: Assets/PNG/grey_button01.png
  artifactKey: Guid(76dbd1a935448514f9abc7f02c16bcc3) Importer(815301076,1909f56bfc062723c751e8b465ee728b)
Number of updated assets reloaded before import = 0
Start importing Assets/PNG/grey_button01.png using Guid(76dbd1a935448514f9abc7f02c16bcc3) Importer(815301076,1909f56bfc062723c751e8b465ee728b)  -> (artifact id: '0ccce78f1ea3b68890ce5e0ccaaa73dc') in 0.017349 seconds 
Number of asset objects unloaded after import = 2
========================================================================
Received Import Request.
  Time since last request: 0.000041 seconds.
  path: Assets/PNG/grey_button00.png
  artifactKey: Guid(14e997f71a0dd0b4cb37eae802d6c6c8) Importer(815301076,1909f56bfc062723c751e8b465ee728b)
Number of updated assets reloaded before import = 0
Start importing Assets/PNG/grey_button00.png using Guid(14e997f71a0dd0b4cb37eae802d6c6c8) Importer(815301076,1909f56bfc062723c751e8b465ee728b)  -> (artifact id: 'e6b34ff5a99657c35a7e0a528ed12ae9') in 0.017087 seconds 
Number of asset objects unloaded after import = 2
========================================================================
Received Import Request.
  Time since last request: 0.000046 seconds.
  path: Assets/PNG/grey_boxCheckmark.png
  artifactKey: Guid(8282c1b7442feda4c83fe94bfeac1e2f) Importer(815301076,1909f56bfc062723c751e8b465ee728b)
Number of updated assets reloaded before import = 0
Start importing Assets/PNG/grey_boxCheckmark.png using Guid(8282c1b7442feda4c83fe94bfeac1e2f) Importer(815301076,1909f56bfc062723c751e8b465ee728b)  -> (artifact id: '3b0eb22fd06db446b4f100c55cbaa6a0') in 0.017011 seconds 
Number of asset objects unloaded after import = 2
Editor requested this worker to shutdown with reason: Scaling down because of idle timeout
AssetImportWorker is now disconnected from the server
Process exiting
Exiting without the bug reporter. Application will terminate with return code 0